[0.214s] Invoking command in '/home/mega/JetRover/sim/ros2_ws/build/block_I_description': /usr/bin/cmake /home/mega/JetRover/sim/ros2_ws/src/custom_models/block_I_description -DCATKIN_INSTALL_INTO_PREFIX_ROOT=0 -DCATKIN_SYMLINK_INSTALL=ON -DCMAKE_INSTALL_PREFIX=/home/mega/JetRover/sim/ros2_ws/install/block_I_description
[0.576s] -- The C compiler identification is GNU 11.4.0
[0.576s] -- The CXX compiler identification is GNU 11.4.0
[0.576s] -- Detecting C compiler ABI info
[0.576s] -- Detecting C compiler ABI info - done
[0.577s] -- Check for working C compiler: /usr/bin/cc - skipped
[0.577s] -- Detecting C compile features
[0.577s] -- Detecting C compile features - done
[0.577s] -- Detecting CXX compiler ABI info
[0.577s] -- Detecting CXX compiler ABI info - done
[0.578s] -- Check for working CXX compiler: /usr/bin/c++ - skipped
[0.578s] -- Detecting CXX compile features
[0.578s] -- Detecting CXX compile features - done
[0.579s] -- Found ament_cmake: 1.3.14 (/opt/ros/humble/share/ament_cmake/cmake)
[0.801s] -- Found Python3: /usr/bin/python3 (found version "3.10.12") found components: Interpreter 
[1.017s] WARNING: Package name "block_I_description" does not follow the naming conventions. It should start with a lower case letter and only contain lower case letters, digits, underscores, and dashes.
[1.037s] -- Configuring done
[1.042s] -- Generating done
[1.043s] [33mCMake Warning:
[1.043s]   Manually-specified variables were not used by the project:
[1.043s] 
[1.043s]     CATKIN_INSTALL_INTO_PREFIX_ROOT
[1.043s]     CATKIN_SYMLINK_INSTALL
[1.043s] 
[1.043s] [0m
[1.044s] -- Build files have been written to: /home/mega/JetRover/sim/ros2_ws/build/block_I_description
[1.056s] Invoked command in '/home/mega/JetRover/sim/ros2_ws/build/block_I_description' returned '0': /usr/bin/cmake /home/mega/JetRover/sim/ros2_ws/src/custom_models/block_I_description -DCATKIN_INSTALL_INTO_PREFIX_ROOT=0 -DCATKIN_SYMLINK_INSTALL=ON -DCMAKE_INSTALL_PREFIX=/home/mega/JetRover/sim/ros2_ws/install/block_I_description
[1.059s] Invoking command in '/home/mega/JetRover/sim/ros2_ws/build/block_I_description': /usr/bin/cmake --build /home/mega/JetRover/sim/ros2_ws/build/block_I_description -- -j12 -l12
[1.141s] Invoked command in '/home/mega/JetRover/sim/ros2_ws/build/block_I_description' returned '0': /usr/bin/cmake --build /home/mega/JetRover/sim/ros2_ws/build/block_I_description -- -j12 -l12
[1.143s] Invoking command in '/home/mega/JetRover/sim/ros2_ws/build/block_I_description': /usr/bin/cmake --install /home/mega/JetRover/sim/ros2_ws/build/block_I_description
[1.159s] -- Install configuration: ""
[1.159s] -- Installing: /home/mega/JetRover/sim/ros2_ws/install/block_I_description/share/block_I_description/meshes
[1.159s] -- Installing: /home/mega/JetRover/sim/ros2_ws/install/block_I_description/share/block_I_description/meshes/base_link.stl
[1.159s] -- Installing: /home/mega/JetRover/sim/ros2_ws/install/block_I_description/share/block_I_description/urdf
[1.159s] -- Installing: /home/mega/JetRover/sim/ros2_ws/install/block_I_description/share/block_I_description/urdf/materials.xacro
[1.160s] -- Installing: /home/mega/JetRover/sim/ros2_ws/install/block_I_description/share/block_I_description/urdf/block_I.gazebo
[1.160s] -- Installing: /home/mega/JetRover/sim/ros2_ws/install/block_I_description/share/block_I_description/urdf/block_I.xacro
[1.160s] -- Installing: /home/mega/JetRover/sim/ros2_ws/install/block_I_description/share/block_I_description/urdf/block_I.trans
[1.160s] -- Installing: /home/mega/JetRover/sim/ros2_ws/install/block_I_description/share/block_I_description/package.xml
[1.160s] -- Installing: /home/mega/JetRover/sim/ros2_ws/install/block_I_description/share/ament_index/resource_index/package_run_dependencies/block_I_description
[1.161s] -- Installing: /home/mega/JetRover/sim/ros2_ws/install/block_I_description/share/ament_index/resource_index/parent_prefix_path/block_I_description
[1.161s] -- Installing: /home/mega/JetRover/sim/ros2_ws/install/block_I_description/share/block_I_description/environment/ament_prefix_path.sh
[1.161s] -- Installing: /home/mega/JetRover/sim/ros2_ws/install/block_I_description/share/block_I_description/environment/ament_prefix_path.dsv
[1.161s] -- Installing: /home/mega/JetRover/sim/ros2_ws/install/block_I_description/share/block_I_description/environment/path.sh
[1.161s] -- Installing: /home/mega/JetRover/sim/ros2_ws/install/block_I_description/share/block_I_description/environment/path.dsv
[1.161s] -- Installing: /home/mega/JetRover/sim/ros2_ws/install/block_I_description/share/block_I_description/local_setup.bash
[1.162s] -- Installing: /home/mega/JetRover/sim/ros2_ws/install/block_I_description/share/block_I_description/local_setup.sh
[1.162s] -- Installing: /home/mega/JetRover/sim/ros2_ws/install/block_I_description/share/block_I_description/local_setup.zsh
[1.162s] -- Installing: /home/mega/JetRover/sim/ros2_ws/install/block_I_description/share/block_I_description/local_setup.dsv
[1.162s] -- Installing: /home/mega/JetRover/sim/ros2_ws/install/block_I_description/share/block_I_description/package.dsv
[1.162s] -- Installing: /home/mega/JetRover/sim/ros2_ws/install/block_I_description/share/ament_index/resource_index/packages/block_I_description
[1.162s] -- Installing: /home/mega/JetRover/sim/ros2_ws/install/block_I_description/share/block_I_description/cmake/block_I_descriptionConfig.cmake
[1.162s] -- Installing: /home/mega/JetRover/sim/ros2_ws/install/block_I_description/share/block_I_description/cmake/block_I_descriptionConfig-version.cmake
[1.162s] -- Up-to-date: /home/mega/JetRover/sim/ros2_ws/install/block_I_description/share/block_I_description/package.xml
[1.202s] Invoked command in '/home/mega/JetRover/sim/ros2_ws/build/block_I_description' returned '0': /usr/bin/cmake --install /home/mega/JetRover/sim/ros2_ws/build/block_I_description
