-- Install configuration: ""
-- Up-to-date: /home/mega/JetRover/sim/ros2_ws/install/block_F_description/share/block_F_description/meshes
-- Up-to-date: /home/mega/JetRover/sim/ros2_ws/install/block_F_description/share/block_F_description/meshes/base_link.stl
-- Up-to-date: /home/mega/JetRover/sim/ros2_ws/install/block_F_description/share/block_F_description/urdf
-- Up-to-date: /home/mega/JetRover/sim/ros2_ws/install/block_F_description/share/block_F_description/urdf/block_F.gazebo
-- Up-to-date: /home/mega/JetRover/sim/ros2_ws/install/block_F_description/share/block_F_description/urdf/materials.xacro
-- Up-to-date: /home/mega/JetRover/sim/ros2_ws/install/block_F_description/share/block_F_description/urdf/block_F.xacro
-- Up-to-date: /home/mega/JetRover/sim/ros2_ws/install/block_F_description/share/block_F_description/urdf/block_F.trans
-- Up-to-date: /home/mega/JetRover/sim/ros2_ws/install/block_F_description/share/block_F_description/package.xml
-- Up-to-date: /home/mega/JetRover/sim/ros2_ws/install/block_F_description/share/ament_index/resource_index/package_run_dependencies/block_F_description
-- Up-to-date: /home/mega/JetRover/sim/ros2_ws/install/block_F_description/share/ament_index/resource_index/parent_prefix_path/block_F_description
-- Up-to-date: /home/mega/JetRover/sim/ros2_ws/install/block_F_description/share/block_F_description/environment/ament_prefix_path.sh
-- Up-to-date: /home/mega/JetRover/sim/ros2_ws/install/block_F_description/share/block_F_description/environment/ament_prefix_path.dsv
-- Up-to-date: /home/mega/JetRover/sim/ros2_ws/install/block_F_description/share/block_F_description/environment/path.sh
-- Up-to-date: /home/mega/JetRover/sim/ros2_ws/install/block_F_description/share/block_F_description/environment/path.dsv
-- Up-to-date: /home/mega/JetRover/sim/ros2_ws/install/block_F_description/share/block_F_description/local_setup.bash
-- Up-to-date: /home/mega/JetRover/sim/ros2_ws/install/block_F_description/share/block_F_description/local_setup.sh
-- Up-to-date: /home/mega/JetRover/sim/ros2_ws/install/block_F_description/share/block_F_description/local_setup.zsh
-- Up-to-date: /home/mega/JetRover/sim/ros2_ws/install/block_F_description/share/block_F_description/local_setup.dsv
-- Up-to-date: /home/mega/JetRover/sim/ros2_ws/install/block_F_description/share/block_F_description/package.dsv
-- Up-to-date: /home/mega/JetRover/sim/ros2_ws/install/block_F_description/share/ament_index/resource_index/packages/block_F_description
-- Up-to-date: /home/mega/JetRover/sim/ros2_ws/install/block_F_description/share/block_F_description/cmake/block_F_descriptionConfig.cmake
-- Up-to-date: /home/mega/JetRover/sim/ros2_ws/install/block_F_description/share/block_F_description/cmake/block_F_descriptionConfig-version.cmake
-- Up-to-date: /home/mega/JetRover/sim/ros2_ws/install/block_F_description/share/block_F_description/package.xml
