[0.227s] Invoking command in '/home/mega/JetRover/sim/ros2_ws/build/block_F_description': /usr/bin/cmake --build /home/mega/JetRover/sim/ros2_ws/build/block_F_description -- -j12 -l12
[0.453s] Invoked command in '/home/mega/JetRover/sim/ros2_ws/build/block_F_description' returned '0': /usr/bin/cmake --build /home/mega/JetRover/sim/ros2_ws/build/block_F_description -- -j12 -l12
[0.455s] Invoking command in '/home/mega/JetRover/sim/ros2_ws/build/block_F_description': /usr/bin/cmake --install /home/mega/JetRover/sim/ros2_ws/build/block_F_description
[0.661s] -- Install configuration: ""
[0.662s] -- Up-to-date: /home/mega/JetRover/sim/ros2_ws/install/block_F_description/share/block_F_description/meshes
[0.662s] -- Up-to-date: /home/mega/JetRover/sim/ros2_ws/install/block_F_description/share/block_F_description/meshes/base_link.stl
[0.662s] -- Up-to-date: /home/mega/JetRover/sim/ros2_ws/install/block_F_description/share/block_F_description/urdf
[0.663s] -- Up-to-date: /home/mega/JetRover/sim/ros2_ws/install/block_F_description/share/block_F_description/urdf/block_F.gazebo
[0.663s] -- Up-to-date: /home/mega/JetRover/sim/ros2_ws/install/block_F_description/share/block_F_description/urdf/materials.xacro
[0.663s] -- Up-to-date: /home/mega/JetRover/sim/ros2_ws/install/block_F_description/share/block_F_description/urdf/block_F.xacro
[0.663s] -- Up-to-date: /home/mega/JetRover/sim/ros2_ws/install/block_F_description/share/block_F_description/urdf/block_F.trans
[0.663s] -- Up-to-date: /home/mega/JetRover/sim/ros2_ws/install/block_F_description/share/block_F_description/package.xml
[0.663s] -- Up-to-date: /home/mega/JetRover/sim/ros2_ws/install/block_F_description/share/ament_index/resource_index/package_run_dependencies/block_F_description
[0.663s] -- Up-to-date: /home/mega/JetRover/sim/ros2_ws/install/block_F_description/share/ament_index/resource_index/parent_prefix_path/block_F_description
[0.663s] -- Up-to-date: /home/mega/JetRover/sim/ros2_ws/install/block_F_description/share/block_F_description/environment/ament_prefix_path.sh
[0.663s] -- Up-to-date: /home/mega/JetRover/sim/ros2_ws/install/block_F_description/share/block_F_description/environment/ament_prefix_path.dsv
[0.663s] -- Up-to-date: /home/mega/JetRover/sim/ros2_ws/install/block_F_description/share/block_F_description/environment/path.sh
[0.663s] -- Up-to-date: /home/mega/JetRover/sim/ros2_ws/install/block_F_description/share/block_F_description/environment/path.dsv
[0.663s] -- Up-to-date: /home/mega/JetRover/sim/ros2_ws/install/block_F_description/share/block_F_description/local_setup.bash
[0.663s] -- Up-to-date: /home/mega/JetRover/sim/ros2_ws/install/block_F_description/share/block_F_description/local_setup.sh
[0.663s] -- Up-to-date: /home/mega/JetRover/sim/ros2_ws/install/block_F_description/share/block_F_description/local_setup.zsh
[0.664s] -- Up-to-date: /home/mega/JetRover/sim/ros2_ws/install/block_F_description/share/block_F_description/local_setup.dsv
[0.664s] -- Up-to-date: /home/mega/JetRover/sim/ros2_ws/install/block_F_description/share/block_F_description/package.dsv
[0.664s] -- Up-to-date: /home/mega/JetRover/sim/ros2_ws/install/block_F_description/share/ament_index/resource_index/packages/block_F_description
[0.664s] -- Up-to-date: /home/mega/JetRover/sim/ros2_ws/install/block_F_description/share/block_F_description/cmake/block_F_descriptionConfig.cmake
[0.664s] -- Up-to-date: /home/mega/JetRover/sim/ros2_ws/install/block_F_description/share/block_F_description/cmake/block_F_descriptionConfig-version.cmake
[0.664s] -- Up-to-date: /home/mega/JetRover/sim/ros2_ws/install/block_F_description/share/block_F_description/package.xml
[0.703s] Invoked command in '/home/mega/JetRover/sim/ros2_ws/build/block_F_description' returned '0': /usr/bin/cmake --install /home/mega/JetRover/sim/ros2_ws/build/block_F_description
