[0.219s] Invoking command in '/home/mega/JetRover/sim/ros2_ws/build/8cm_height_description': /usr/bin/cmake /home/mega/JetRover/sim/ros2_ws/src/custom_models/8cm_height_description -DCATKIN_INSTALL_INTO_PREFIX_ROOT=0 -DCATKIN_SYMLINK_INSTALL=ON -DCMAKE_INSTALL_PREFIX=/home/mega/JetRover/sim/ros2_ws/install/8cm_height_description
[0.583s] -- The C compiler identification is GNU 11.4.0
[0.583s] -- The CXX compiler identification is GNU 11.4.0
[0.583s] -- Detecting C compiler ABI info
[0.583s] -- Detecting C compiler ABI info - done
[0.584s] -- Check for working C compiler: /usr/bin/cc - skipped
[0.584s] -- Detecting C compile features
[0.584s] -- Detecting C compile features - done
[0.584s] -- Detecting CXX compiler ABI info
[0.584s] -- Detecting CXX compiler ABI info - done
[0.584s] -- Check for working CXX compiler: /usr/bin/c++ - skipped
[0.584s] -- Detecting CXX compile features
[0.584s] -- Detecting CXX compile features - done
[0.588s] -- Found ament_cmake: 1.3.14 (/opt/ros/humble/share/ament_cmake/cmake)
[0.811s] -- Found Python3: /usr/bin/python3 (found version "3.10.12") found components: Interpreter 
[1.037s] WARNING: Package name "8cm_height_description" does not follow the naming conventions. It should start with a lower case letter and only contain lower case letters, digits, underscores, and dashes.
[1.069s] -- Configuring done
[1.071s] -- Generating done
[1.074s] [33mCMake Warning:
[1.074s]   Manually-specified variables were not used by the project:
[1.074s] 
[1.075s]     CATKIN_INSTALL_INTO_PREFIX_ROOT
[1.075s]     CATKIN_SYMLINK_INSTALL
[1.075s] 
[1.075s] [0m
[1.075s] -- Build files have been written to: /home/mega/JetRover/sim/ros2_ws/build/8cm_height_description
[1.088s] Invoked command in '/home/mega/JetRover/sim/ros2_ws/build/8cm_height_description' returned '0': /usr/bin/cmake /home/mega/JetRover/sim/ros2_ws/src/custom_models/8cm_height_description -DCATKIN_INSTALL_INTO_PREFIX_ROOT=0 -DCATKIN_SYMLINK_INSTALL=ON -DCMAKE_INSTALL_PREFIX=/home/mega/JetRover/sim/ros2_ws/install/8cm_height_description
[1.090s] Invoking command in '/home/mega/JetRover/sim/ros2_ws/build/8cm_height_description': /usr/bin/cmake --build /home/mega/JetRover/sim/ros2_ws/build/8cm_height_description -- -j12 -l12
[1.158s] Invoked command in '/home/mega/JetRover/sim/ros2_ws/build/8cm_height_description' returned '0': /usr/bin/cmake --build /home/mega/JetRover/sim/ros2_ws/build/8cm_height_description -- -j12 -l12
[1.161s] Invoking command in '/home/mega/JetRover/sim/ros2_ws/build/8cm_height_description': /usr/bin/cmake --install /home/mega/JetRover/sim/ros2_ws/build/8cm_height_description
[1.176s] -- Install configuration: ""
[1.176s] -- Installing: /home/mega/JetRover/sim/ros2_ws/install/8cm_height_description/share/8cm_height_description/meshes
[1.177s] -- Installing: /home/mega/JetRover/sim/ros2_ws/install/8cm_height_description/share/8cm_height_description/meshes/base_link.stl
[1.177s] -- Installing: /home/mega/JetRover/sim/ros2_ws/install/8cm_height_description/share/8cm_height_description/urdf
[1.177s] -- Installing: /home/mega/JetRover/sim/ros2_ws/install/8cm_height_description/share/8cm_height_description/urdf/8cm_height.trans
[1.177s] -- Installing: /home/mega/JetRover/sim/ros2_ws/install/8cm_height_description/share/8cm_height_description/urdf/materials.xacro
[1.177s] -- Installing: /home/mega/JetRover/sim/ros2_ws/install/8cm_height_description/share/8cm_height_description/urdf/8cm_height.xacro
[1.177s] -- Installing: /home/mega/JetRover/sim/ros2_ws/install/8cm_height_description/share/8cm_height_description/urdf/8cm_height.gazebo
[1.177s] -- Installing: /home/mega/JetRover/sim/ros2_ws/install/8cm_height_description/share/8cm_height_description/package.xml
[1.177s] -- Installing: /home/mega/JetRover/sim/ros2_ws/install/8cm_height_description/share/ament_index/resource_index/package_run_dependencies/8cm_height_description
[1.177s] -- Installing: /home/mega/JetRover/sim/ros2_ws/install/8cm_height_description/share/ament_index/resource_index/parent_prefix_path/8cm_height_description
[1.177s] -- Installing: /home/mega/JetRover/sim/ros2_ws/install/8cm_height_description/share/8cm_height_description/environment/ament_prefix_path.sh
[1.177s] -- Installing: /home/mega/JetRover/sim/ros2_ws/install/8cm_height_description/share/8cm_height_description/environment/ament_prefix_path.dsv
[1.177s] -- Installing: /home/mega/JetRover/sim/ros2_ws/install/8cm_height_description/share/8cm_height_description/environment/path.sh
[1.178s] -- Installing: /home/mega/JetRover/sim/ros2_ws/install/8cm_height_description/share/8cm_height_description/environment/path.dsv
[1.178s] -- Installing: /home/mega/JetRover/sim/ros2_ws/install/8cm_height_description/share/8cm_height_description/local_setup.bash
[1.178s] -- Installing: /home/mega/JetRover/sim/ros2_ws/install/8cm_height_description/share/8cm_height_description/local_setup.sh
[1.179s] -- Installing: /home/mega/JetRover/sim/ros2_ws/install/8cm_height_description/share/8cm_height_description/local_setup.zsh
[1.179s] -- Installing: /home/mega/JetRover/sim/ros2_ws/install/8cm_height_description/share/8cm_height_description/local_setup.dsv
[1.179s] -- Installing: /home/mega/JetRover/sim/ros2_ws/install/8cm_height_description/share/8cm_height_description/package.dsv
[1.179s] -- Installing: /home/mega/JetRover/sim/ros2_ws/install/8cm_height_description/share/ament_index/resource_index/packages/8cm_height_description
[1.180s] -- Installing: /home/mega/JetRover/sim/ros2_ws/install/8cm_height_description/share/8cm_height_description/cmake/8cm_height_descriptionConfig.cmake
[1.180s] -- Installing: /home/mega/JetRover/sim/ros2_ws/install/8cm_height_description/share/8cm_height_description/cmake/8cm_height_descriptionConfig-version.cmake
[1.180s] -- Up-to-date: /home/mega/JetRover/sim/ros2_ws/install/8cm_height_description/share/8cm_height_description/package.xml
[1.234s] Invoked command in '/home/mega/JetRover/sim/ros2_ws/build/8cm_height_description' returned '0': /usr/bin/cmake --install /home/mega/JetRover/sim/ros2_ws/build/8cm_height_description
