[1.156s] Invoking command in '/home/mega/JetRover/sim/ros2_ws/build/my_custom_sim': PYTHONPATH=/home/mega/JetRover/sim/ros2_ws/build/my_custom_sim/prefix_override:/usr/lib/python3/dist-packages/colcon_core/task/python/colcon_distutils_commands:/home/mega/JetRover/sim/ros2_ws/install/my_custom_sim/lib/python3.10/site-packages:${PYTHONPATH} /usr/bin/python3 -W ignore:setup.py install is deprecated -W ignore:easy_install command is deprecated setup.py develop --editable --build-directory /home/mega/JetRover/sim/ros2_ws/build/my_custom_sim/build --no-deps symlink_data --force
[1.386s] running develop
[1.530s] running egg_info
[1.530s] writing my_custom_sim.egg-info/PKG-INFO
[1.530s] writing dependency_links to my_custom_sim.egg-info/dependency_links.txt
[1.531s] writing entry points to my_custom_sim.egg-info/entry_points.txt
[1.531s] writing requirements to my_custom_sim.egg-info/requires.txt
[1.531s] writing top-level names to my_custom_sim.egg-info/top_level.txt
[1.532s] reading manifest file 'my_custom_sim.egg-info/SOURCES.txt'
[1.533s] writing manifest file 'my_custom_sim.egg-info/SOURCES.txt'
[1.534s] running build_ext
[1.534s] Creating /home/mega/JetRover/sim/ros2_ws/install/my_custom_sim/lib/python3.10/site-packages/my-custom-sim.egg-link (link to .)
[1.535s] 
[1.535s] Installed /home/mega/JetRover/sim/ros2_ws/build/my_custom_sim
[1.535s] running symlink_data
[1.535s] symbolically linking /home/mega/JetRover/sim/ros2_ws/build/my_custom_sim/resource/my_custom_sim -> /home/mega/JetRover/sim/ros2_ws/install/my_custom_sim/share/ament_index/resource_index/packages
[1.535s] symbolically linking /home/mega/JetRover/sim/ros2_ws/build/my_custom_sim/package.xml -> /home/mega/JetRover/sim/ros2_ws/install/my_custom_sim/share/my_custom_sim
[1.535s] symbolically linking /home/mega/JetRover/sim/ros2_ws/build/my_custom_sim/launch/start_my_sim.launch.py -> /home/mega/JetRover/sim/ros2_ws/install/my_custom_sim/share/my_custom_sim/launch
[1.536s] symbolically linking /home/mega/JetRover/sim/ros2_ws/build/my_custom_sim/worlds/empty_light.world -> /home/mega/JetRover/sim/ros2_ws/install/my_custom_sim/share/my_custom_sim/worlds
[1.570s] Invoked command in '/home/mega/JetRover/sim/ros2_ws/build/my_custom_sim' returned '0': PYTHONPATH=/home/mega/JetRover/sim/ros2_ws/build/my_custom_sim/prefix_override:/usr/lib/python3/dist-packages/colcon_core/task/python/colcon_distutils_commands:/home/mega/JetRover/sim/ros2_ws/install/my_custom_sim/lib/python3.10/site-packages:${PYTHONPATH} /usr/bin/python3 -W ignore:setup.py install is deprecated -W ignore:easy_install command is deprecated setup.py develop --editable --build-directory /home/mega/JetRover/sim/ros2_ws/build/my_custom_sim/build --no-deps symlink_data --force
