-- Install configuration: ""
-- Up-to-date: /home/mega/JetRover/sim/ros2_ws/install/block_I_description/share/block_I_description/meshes
-- Up-to-date: /home/mega/JetRover/sim/ros2_ws/install/block_I_description/share/block_I_description/meshes/base_link.stl
-- Up-to-date: /home/mega/JetRover/sim/ros2_ws/install/block_I_description/share/block_I_description/urdf
-- Up-to-date: /home/mega/JetRover/sim/ros2_ws/install/block_I_description/share/block_I_description/urdf/materials.xacro
-- Up-to-date: /home/mega/JetRover/sim/ros2_ws/install/block_I_description/share/block_I_description/urdf/block_I.gazebo
-- Up-to-date: /home/mega/JetRover/sim/ros2_ws/install/block_I_description/share/block_I_description/urdf/block_I.xacro
-- Up-to-date: /home/mega/JetRover/sim/ros2_ws/install/block_I_description/share/block_I_description/urdf/block_I.trans
-- Up-to-date: /home/mega/JetRover/sim/ros2_ws/install/block_I_description/share/block_I_description/package.xml
-- Up-to-date: /home/mega/JetRover/sim/ros2_ws/install/block_I_description/share/ament_index/resource_index/package_run_dependencies/block_I_description
-- Up-to-date: /home/mega/JetRover/sim/ros2_ws/install/block_I_description/share/ament_index/resource_index/parent_prefix_path/block_I_description
-- Up-to-date: /home/mega/JetRover/sim/ros2_ws/install/block_I_description/share/block_I_description/environment/ament_prefix_path.sh
-- Up-to-date: /home/mega/JetRover/sim/ros2_ws/install/block_I_description/share/block_I_description/environment/ament_prefix_path.dsv
-- Up-to-date: /home/mega/JetRover/sim/ros2_ws/install/block_I_description/share/block_I_description/environment/path.sh
-- Up-to-date: /home/mega/JetRover/sim/ros2_ws/install/block_I_description/share/block_I_description/environment/path.dsv
-- Up-to-date: /home/mega/JetRover/sim/ros2_ws/install/block_I_description/share/block_I_description/local_setup.bash
-- Up-to-date: /home/mega/JetRover/sim/ros2_ws/install/block_I_description/share/block_I_description/local_setup.sh
-- Up-to-date: /home/mega/JetRover/sim/ros2_ws/install/block_I_description/share/block_I_description/local_setup.zsh
-- Up-to-date: /home/mega/JetRover/sim/ros2_ws/install/block_I_description/share/block_I_description/local_setup.dsv
-- Up-to-date: /home/mega/JetRover/sim/ros2_ws/install/block_I_description/share/block_I_description/package.dsv
-- Up-to-date: /home/mega/JetRover/sim/ros2_ws/install/block_I_description/share/ament_index/resource_index/packages/block_I_description
-- Up-to-date: /home/mega/JetRover/sim/ros2_ws/install/block_I_description/share/block_I_description/cmake/block_I_descriptionConfig.cmake
-- Up-to-date: /home/mega/JetRover/sim/ros2_ws/install/block_I_description/share/block_I_description/cmake/block_I_descriptionConfig-version.cmake
-- Up-to-date: /home/mega/JetRover/sim/ros2_ws/install/block_I_description/share/block_I_description/package.xml
