[0.241s] Invoking command in '/home/mega/JetRover/sim/ros2_ws/build/4cm_height_description': /usr/bin/cmake /home/mega/JetRover/sim/ros2_ws/src/custom_models/4cm_height_description -DCATKIN_INSTALL_INTO_PREFIX_ROOT=0 -DCMAKE_INSTALL_PREFIX=/home/mega/JetRover/sim/ros2_ws/install/4cm_height_description
[0.567s] -- Found ament_cmake: 1.3.14 (/opt/ros/humble/share/ament_cmake/cmake)
[0.567s] -- Configuring done
[0.567s] -- Generating done
[0.567s] -- Build files have been written to: /home/mega/JetRover/sim/ros2_ws/build/4cm_height_description
[0.568s] WARNING: Package name "4cm_height_description" does not follow the naming conventions. It should start with a lower case letter and only contain lower case letters, digits, underscores, and dashes.
[0.577s] Invoked command in '/home/mega/JetRover/sim/ros2_ws/build/4cm_height_description' returned '0': /usr/bin/cmake /home/mega/JetRover/sim/ros2_ws/src/custom_models/4cm_height_description -DCATKIN_INSTALL_INTO_PREFIX_ROOT=0 -DCMAKE_INSTALL_PREFIX=/home/mega/JetRover/sim/ros2_ws/install/4cm_height_description
[0.579s] Invoking command in '/home/mega/JetRover/sim/ros2_ws/build/4cm_height_description': /usr/bin/cmake --build /home/mega/JetRover/sim/ros2_ws/build/4cm_height_description -- -j12 -l12
[0.835s] Invoked command in '/home/mega/JetRover/sim/ros2_ws/build/4cm_height_description' returned '0': /usr/bin/cmake --build /home/mega/JetRover/sim/ros2_ws/build/4cm_height_description -- -j12 -l12
[0.838s] Invoking command in '/home/mega/JetRover/sim/ros2_ws/build/4cm_height_description': /usr/bin/cmake --install /home/mega/JetRover/sim/ros2_ws/build/4cm_height_description
[0.850s] -- Install configuration: ""
[0.850s] -- Up-to-date: /home/mega/JetRover/sim/ros2_ws/install/4cm_height_description/share/4cm_height_description/meshes
[0.850s] -- Up-to-date: /home/mega/JetRover/sim/ros2_ws/install/4cm_height_description/share/4cm_height_description/meshes/base_link.stl
[0.853s] -- Up-to-date: /home/mega/JetRover/sim/ros2_ws/install/4cm_height_description/share/4cm_height_description/urdf
[0.853s] -- Up-to-date: /home/mega/JetRover/sim/ros2_ws/install/4cm_height_description/share/4cm_height_description/urdf/materials.xacro
[0.853s] -- Up-to-date: /home/mega/JetRover/sim/ros2_ws/install/4cm_height_description/share/4cm_height_description/urdf/4cm_height.gazebo
[0.853s] -- Up-to-date: /home/mega/JetRover/sim/ros2_ws/install/4cm_height_description/share/4cm_height_description/urdf/4cm_height.trans
[0.853s] -- Up-to-date: /home/mega/JetRover/sim/ros2_ws/install/4cm_height_description/share/4cm_height_description/urdf/4cm_height.xacro
[0.854s] -- Up-to-date: /home/mega/JetRover/sim/ros2_ws/install/4cm_height_description/share/4cm_height_description/package.xml
[0.854s] -- Up-to-date: /home/mega/JetRover/sim/ros2_ws/install/4cm_height_description/share/ament_index/resource_index/package_run_dependencies/4cm_height_description
[0.854s] -- Installing: /home/mega/JetRover/sim/ros2_ws/install/4cm_height_description/share/ament_index/resource_index/parent_prefix_path/4cm_height_description
[0.854s] -- Up-to-date: /home/mega/JetRover/sim/ros2_ws/install/4cm_height_description/share/4cm_height_description/environment/ament_prefix_path.sh
[0.854s] -- Installing: /home/mega/JetRover/sim/ros2_ws/install/4cm_height_description/share/4cm_height_description/environment/ament_prefix_path.dsv
[0.854s] -- Up-to-date: /home/mega/JetRover/sim/ros2_ws/install/4cm_height_description/share/4cm_height_description/environment/path.sh
[0.854s] -- Installing: /home/mega/JetRover/sim/ros2_ws/install/4cm_height_description/share/4cm_height_description/environment/path.dsv
[0.854s] -- Up-to-date: /home/mega/JetRover/sim/ros2_ws/install/4cm_height_description/share/4cm_height_description/local_setup.bash
[0.854s] -- Up-to-date: /home/mega/JetRover/sim/ros2_ws/install/4cm_height_description/share/4cm_height_description/local_setup.sh
[0.854s] -- Up-to-date: /home/mega/JetRover/sim/ros2_ws/install/4cm_height_description/share/4cm_height_description/local_setup.zsh
[0.854s] -- Installing: /home/mega/JetRover/sim/ros2_ws/install/4cm_height_description/share/4cm_height_description/local_setup.dsv
[0.854s] -- Installing: /home/mega/JetRover/sim/ros2_ws/install/4cm_height_description/share/4cm_height_description/package.dsv
[0.854s] -- Up-to-date: /home/mega/JetRover/sim/ros2_ws/install/4cm_height_description/share/ament_index/resource_index/packages/4cm_height_description
[0.854s] -- Up-to-date: /home/mega/JetRover/sim/ros2_ws/install/4cm_height_description/share/4cm_height_description/cmake/4cm_height_descriptionConfig.cmake
[0.855s] -- Up-to-date: /home/mega/JetRover/sim/ros2_ws/install/4cm_height_description/share/4cm_height_description/cmake/4cm_height_descriptionConfig-version.cmake
[0.856s] -- Up-to-date: /home/mega/JetRover/sim/ros2_ws/install/4cm_height_description/share/4cm_height_description/package.xml
[0.861s] Invoked command in '/home/mega/JetRover/sim/ros2_ws/build/4cm_height_description' returned '0': /usr/bin/cmake --install /home/mega/JetRover/sim/ros2_ws/build/4cm_height_description
