[1.411s] Invoking command in '/home/mega/JetRover/sim/ros2_ws/build/jetrover_description': PYTHONPATH=/home/mega/JetRover/sim/ros2_ws/build/jetrover_description/prefix_override:/usr/lib/python3/dist-packages/colcon_core/task/python/colcon_distutils_commands:/home/mega/JetRover/sim/ros2_ws/install/jetrover_description/lib/python3.10/site-packages:${PYTHONPATH} /usr/bin/python3 -W ignore:setup.py install is deprecated -W ignore:easy_install command is deprecated setup.py develop --editable --build-directory /home/mega/JetRover/sim/ros2_ws/build/jetrover_description/build --no-deps symlink_data
[1.643s] running develop
[1.785s] running egg_info
[1.786s] creating jetrover_description.egg-info
[1.786s] writing jetrover_description.egg-info/PKG-INFO
[1.786s] writing dependency_links to jetrover_description.egg-info/dependency_links.txt
[1.786s] writing entry points to jetrover_description.egg-info/entry_points.txt
[1.786s] writing requirements to jetrover_description.egg-info/requires.txt
[1.786s] writing top-level names to jetrover_description.egg-info/top_level.txt
[1.786s] writing manifest file 'jetrover_description.egg-info/SOURCES.txt'
[1.789s] reading manifest file 'jetrover_description.egg-info/SOURCES.txt'
[1.790s] writing manifest file 'jetrover_description.egg-info/SOURCES.txt'
[1.791s] running build_ext
[1.791s] Creating /home/mega/JetRover/sim/ros2_ws/install/jetrover_description/lib/python3.10/site-packages/jetrover-description.egg-link (link to .)
[1.792s] 
[1.792s] Installed /home/mega/JetRover/sim/ros2_ws/build/jetrover_description
[1.792s] running symlink_data
[1.792s] creating /home/mega/JetRover/sim/ros2_ws/install/jetrover_description/share/ament_index
[1.792s] creating /home/mega/JetRover/sim/ros2_ws/install/jetrover_description/share/ament_index/resource_index
[1.792s] creating /home/mega/JetRover/sim/ros2_ws/install/jetrover_description/share/ament_index/resource_index/packages
[1.792s] symbolically linking /home/mega/JetRover/sim/ros2_ws/build/jetrover_description/resource/jetrover_description -> /home/mega/JetRover/sim/ros2_ws/install/jetrover_description/share/ament_index/resource_index/packages
[1.792s] symbolically linking /home/mega/JetRover/sim/ros2_ws/build/jetrover_description/package.xml -> /home/mega/JetRover/sim/ros2_ws/install/jetrover_description/share/jetrover_description
[1.792s] creating /home/mega/JetRover/sim/ros2_ws/install/jetrover_description/share/jetrover_description/launch
[1.792s] symbolically linking /home/mega/JetRover/sim/ros2_ws/build/jetrover_description/launch/robot_description.launch.py -> /home/mega/JetRover/sim/ros2_ws/install/jetrover_description/share/jetrover_description/launch
[1.792s] symbolically linking /home/mega/JetRover/sim/ros2_ws/build/jetrover_description/launch/rviz.launch.py -> /home/mega/JetRover/sim/ros2_ws/install/jetrover_description/share/jetrover_description/launch
[1.793s] symbolically linking /home/mega/JetRover/sim/ros2_ws/build/jetrover_description/launch/display.launch.py -> /home/mega/JetRover/sim/ros2_ws/install/jetrover_description/share/jetrover_description/launch
[1.793s] creating /home/mega/JetRover/sim/ros2_ws/install/jetrover_description/share/jetrover_description/urdf
[1.793s] symbolically linking /home/mega/JetRover/sim/ros2_ws/build/jetrover_description/urdf/lidar_g4.urdf.xacro -> /home/mega/JetRover/sim/ros2_ws/install/jetrover_description/share/jetrover_description/urdf
[1.793s] symbolically linking /home/mega/JetRover/sim/ros2_ws/build/jetrover_description/urdf/common.urdf.xacro -> /home/mega/JetRover/sim/ros2_ws/install/jetrover_description/share/jetrover_description/urdf
[1.793s] symbolically linking /home/mega/JetRover/sim/ros2_ws/build/jetrover_description/urdf/materials.xacro -> /home/mega/JetRover/sim/ros2_ws/install/jetrover_description/share/jetrover_description/urdf
[1.793s] symbolically linking /home/mega/JetRover/sim/ros2_ws/build/jetrover_description/urdf/arm.urdf.xacro -> /home/mega/JetRover/sim/ros2_ws/install/jetrover_description/share/jetrover_description/urdf
[1.793s] symbolically linking /home/mega/JetRover/sim/ros2_ws/build/jetrover_description/urdf/car_acker.urdf.xacro -> /home/mega/JetRover/sim/ros2_ws/install/jetrover_description/share/jetrover_description/urdf
[1.793s] symbolically linking /home/mega/JetRover/sim/ros2_ws/build/jetrover_description/urdf/jetrover.xacro -> /home/mega/JetRover/sim/ros2_ws/install/jetrover_description/share/jetrover_description/urdf
[1.793s] symbolically linking /home/mega/JetRover/sim/ros2_ws/build/jetrover_description/urdf/inertial_matrix.xacro -> /home/mega/JetRover/sim/ros2_ws/install/jetrover_description/share/jetrover_description/urdf
[1.793s] symbolically linking /home/mega/JetRover/sim/ros2_ws/build/jetrover_description/urdf/lidar_a1.urdf.xacro -> /home/mega/JetRover/sim/ros2_ws/install/jetrover_description/share/jetrover_description/urdf
[1.793s] symbolically linking /home/mega/JetRover/sim/ros2_ws/build/jetrover_description/urdf/depth_camera.urdf.xacro -> /home/mega/JetRover/sim/ros2_ws/install/jetrover_description/share/jetrover_description/urdf
[1.793s] symbolically linking /home/mega/JetRover/sim/ros2_ws/build/jetrover_description/urdf/lidar.urdf.xacro -> /home/mega/JetRover/sim/ros2_ws/install/jetrover_description/share/jetrover_description/urdf
[1.794s] symbolically linking /home/mega/JetRover/sim/ros2_ws/build/jetrover_description/urdf/car_mecanum.urdf.xacro -> /home/mega/JetRover/sim/ros2_ws/install/jetrover_description/share/jetrover_description/urdf
[1.794s] symbolically linking /home/mega/JetRover/sim/ros2_ws/build/jetrover_description/urdf/imu.urdf.xacro -> /home/mega/JetRover/sim/ros2_ws/install/jetrover_description/share/jetrover_description/urdf
[1.794s] symbolically linking /home/mega/JetRover/sim/ros2_ws/build/jetrover_description/urdf/car_tank.urdf.xacro -> /home/mega/JetRover/sim/ros2_ws/install/jetrover_description/share/jetrover_description/urdf
[1.794s] symbolically linking /home/mega/JetRover/sim/ros2_ws/build/jetrover_description/urdf/connect.urdf.xacro -> /home/mega/JetRover/sim/ros2_ws/install/jetrover_description/share/jetrover_description/urdf
[1.794s] symbolically linking /home/mega/JetRover/sim/ros2_ws/build/jetrover_description/urdf/gripper.urdf.xacro -> /home/mega/JetRover/sim/ros2_ws/install/jetrover_description/share/jetrover_description/urdf
[1.794s] creating /home/mega/JetRover/sim/ros2_ws/install/jetrover_description/share/jetrover_description/rviz
[1.794s] symbolically linking /home/mega/JetRover/sim/ros2_ws/build/jetrover_description/rviz/view.rviz -> /home/mega/JetRover/sim/ros2_ws/install/jetrover_description/share/jetrover_description/rviz
[1.794s] creating /home/mega/JetRover/sim/ros2_ws/install/jetrover_description/share/jetrover_description/meshes
[1.795s] creating /home/mega/JetRover/sim/ros2_ws/install/jetrover_description/share/jetrover_description/meshes/acker
[1.795s] symbolically linking /home/mega/JetRover/sim/ros2_ws/build/jetrover_description/meshes/acker/wheel_right_back_link.stl -> /home/mega/JetRover/sim/ros2_ws/install/jetrover_description/share/jetrover_description/meshes/acker
[1.795s] symbolically linking /home/mega/JetRover/sim/ros2_ws/build/jetrover_description/meshes/acker/wheel_right_front_link.stl -> /home/mega/JetRover/sim/ros2_ws/install/jetrover_description/share/jetrover_description/meshes/acker
[1.795s] symbolically linking /home/mega/JetRover/sim/ros2_ws/build/jetrover_description/meshes/acker/base_green_link.stl -> /home/mega/JetRover/sim/ros2_ws/install/jetrover_description/share/jetrover_description/meshes/acker
[1.795s] symbolically linking /home/mega/JetRover/sim/ros2_ws/build/jetrover_description/meshes/acker/wheel_left_back_link.stl -> /home/mega/JetRover/sim/ros2_ws/install/jetrover_description/share/jetrover_description/meshes/acker
[1.795s] symbolically linking /home/mega/JetRover/sim/ros2_ws/build/jetrover_description/meshes/acker/base_link.stl -> /home/mega/JetRover/sim/ros2_ws/install/jetrover_description/share/jetrover_description/meshes/acker
[1.795s] symbolically linking /home/mega/JetRover/sim/ros2_ws/build/jetrover_description/meshes/acker/wheel_left_front_link.stl -> /home/mega/JetRover/sim/ros2_ws/install/jetrover_description/share/jetrover_description/meshes/acker
[1.795s] creating /home/mega/JetRover/sim/ros2_ws/install/jetrover_description/share/jetrover_description/meshes/arm
[1.795s] symbolically linking /home/mega/JetRover/sim/ros2_ws/build/jetrover_description/meshes/arm/link3.STL -> /home/mega/JetRover/sim/ros2_ws/install/jetrover_description/share/jetrover_description/meshes/arm
[1.795s] symbolically linking /home/mega/JetRover/sim/ros2_ws/build/jetrover_description/meshes/arm/servo_link2.STL -> /home/mega/JetRover/sim/ros2_ws/install/jetrover_description/share/jetrover_description/meshes/arm
[1.795s] symbolically linking /home/mega/JetRover/sim/ros2_ws/build/jetrover_description/meshes/arm/link1.STL -> /home/mega/JetRover/sim/ros2_ws/install/jetrover_description/share/jetrover_description/meshes/arm
[1.795s] symbolically linking /home/mega/JetRover/sim/ros2_ws/build/jetrover_description/meshes/arm/gripper_link_collision.stl -> /home/mega/JetRover/sim/ros2_ws/install/jetrover_description/share/jetrover_description/meshes/arm
[1.795s] symbolically linking /home/mega/JetRover/sim/ros2_ws/build/jetrover_description/meshes/arm/link2_collision.stl -> /home/mega/JetRover/sim/ros2_ws/install/jetrover_description/share/jetrover_description/meshes/arm
[1.795s] symbolically linking /home/mega/JetRover/sim/ros2_ws/build/jetrover_description/meshes/arm/link3_collision.stl -> /home/mega/JetRover/sim/ros2_ws/install/jetrover_description/share/jetrover_description/meshes/arm
[1.796s] symbolically linking /home/mega/JetRover/sim/ros2_ws/build/jetrover_description/meshes/arm/gripper_link.STL -> /home/mega/JetRover/sim/ros2_ws/install/jetrover_description/share/jetrover_description/meshes/arm
[1.796s] symbolically linking /home/mega/JetRover/sim/ros2_ws/build/jetrover_description/meshes/arm/depth_cam_link_collision.stl -> /home/mega/JetRover/sim/ros2_ws/install/jetrover_description/share/jetrover_description/meshes/arm
[1.796s] symbolically linking /home/mega/JetRover/sim/ros2_ws/build/jetrover_description/meshes/arm/link5.STL -> /home/mega/JetRover/sim/ros2_ws/install/jetrover_description/share/jetrover_description/meshes/arm
[1.796s] symbolically linking /home/mega/JetRover/sim/ros2_ws/build/jetrover_description/meshes/arm/servo_link1_collision.stl -> /home/mega/JetRover/sim/ros2_ws/install/jetrover_description/share/jetrover_description/meshes/arm
[1.796s] symbolically linking /home/mega/JetRover/sim/ros2_ws/build/jetrover_description/meshes/arm/servo_link1.STL -> /home/mega/JetRover/sim/ros2_ws/install/jetrover_description/share/jetrover_description/meshes/arm
[1.796s] symbolically linking /home/mega/JetRover/sim/ros2_ws/build/jetrover_description/meshes/arm/depth_cam_link.STL -> /home/mega/JetRover/sim/ros2_ws/install/jetrover_description/share/jetrover_description/meshes/arm
[1.796s] symbolically linking /home/mega/JetRover/sim/ros2_ws/build/jetrover_description/meshes/arm/servo_link2_collision.stl -> /home/mega/JetRover/sim/ros2_ws/install/jetrover_description/share/jetrover_description/meshes/arm
[1.796s] symbolically linking /home/mega/JetRover/sim/ros2_ws/build/jetrover_description/meshes/arm/link4_collision.stl -> /home/mega/JetRover/sim/ros2_ws/install/jetrover_description/share/jetrover_description/meshes/arm
[1.796s] symbolically linking /home/mega/JetRover/sim/ros2_ws/build/jetrover_description/meshes/arm/link2.STL -> /home/mega/JetRover/sim/ros2_ws/install/jetrover_description/share/jetrover_description/meshes/arm
[1.796s] symbolically linking /home/mega/JetRover/sim/ros2_ws/build/jetrover_description/meshes/arm/link4.STL -> /home/mega/JetRover/sim/ros2_ws/install/jetrover_description/share/jetrover_description/meshes/arm
[1.796s] symbolically linking /home/mega/JetRover/sim/ros2_ws/build/jetrover_description/meshes/arm/camera_connect_link.STL -> /home/mega/JetRover/sim/ros2_ws/install/jetrover_description/share/jetrover_description/meshes/arm
[1.796s] creating /home/mega/JetRover/sim/ros2_ws/install/jetrover_description/share/jetrover_description/meshes/common
[1.797s] symbolically linking /home/mega/JetRover/sim/ros2_ws/build/jetrover_description/meshes/common/back_shell_black_link.stl -> /home/mega/JetRover/sim/ros2_ws/install/jetrover_description/share/jetrover_description/meshes/common
[1.797s] symbolically linking /home/mega/JetRover/sim/ros2_ws/build/jetrover_description/meshes/common/back_shell_black_link_collision.stl -> /home/mega/JetRover/sim/ros2_ws/install/jetrover_description/share/jetrover_description/meshes/common
[1.797s] symbolically linking /home/mega/JetRover/sim/ros2_ws/build/jetrover_description/meshes/common/back_shell_green_link.stl -> /home/mega/JetRover/sim/ros2_ws/install/jetrover_description/share/jetrover_description/meshes/common
[1.797s] symbolically linking /home/mega/JetRover/sim/ros2_ws/build/jetrover_description/meshes/common/lidar_link.stl -> /home/mega/JetRover/sim/ros2_ws/install/jetrover_description/share/jetrover_description/meshes/common
[1.797s] symbolically linking /home/mega/JetRover/sim/ros2_ws/build/jetrover_description/meshes/common/imu_link.stl -> /home/mega/JetRover/sim/ros2_ws/install/jetrover_description/share/jetrover_description/meshes/common
[1.797s] symbolically linking /home/mega/JetRover/sim/ros2_ws/build/jetrover_description/meshes/common/back_shell_green_link_collision.stl -> /home/mega/JetRover/sim/ros2_ws/install/jetrover_description/share/jetrover_description/meshes/common
[1.797s] creating /home/mega/JetRover/sim/ros2_ws/install/jetrover_description/share/jetrover_description/meshes/gripper
[1.797s] symbolically linking /home/mega/JetRover/sim/ros2_ws/build/jetrover_description/meshes/gripper/r_link.STL -> /home/mega/JetRover/sim/ros2_ws/install/jetrover_description/share/jetrover_description/meshes/gripper
[1.797s] symbolically linking /home/mega/JetRover/sim/ros2_ws/build/jetrover_description/meshes/gripper/l_out_link.STL -> /home/mega/JetRover/sim/ros2_ws/install/jetrover_description/share/jetrover_description/meshes/gripper
[1.797s] symbolically linking /home/mega/JetRover/sim/ros2_ws/build/jetrover_description/meshes/gripper/r_out_link.STL -> /home/mega/JetRover/sim/ros2_ws/install/jetrover_description/share/jetrover_description/meshes/gripper
[1.797s] symbolically linking /home/mega/JetRover/sim/ros2_ws/build/jetrover_description/meshes/gripper/l_in_link.STL -> /home/mega/JetRover/sim/ros2_ws/install/jetrover_description/share/jetrover_description/meshes/gripper
[1.798s] symbolically linking /home/mega/JetRover/sim/ros2_ws/build/jetrover_description/meshes/gripper/r_in_link.STL -> /home/mega/JetRover/sim/ros2_ws/install/jetrover_description/share/jetrover_description/meshes/gripper
[1.798s] symbolically linking /home/mega/JetRover/sim/ros2_ws/build/jetrover_description/meshes/gripper/l_link.STL -> /home/mega/JetRover/sim/ros2_ws/install/jetrover_description/share/jetrover_description/meshes/gripper
[1.798s] creating /home/mega/JetRover/sim/ros2_ws/install/jetrover_description/share/jetrover_description/meshes/mecanum
[1.798s] symbolically linking /home/mega/JetRover/sim/ros2_ws/build/jetrover_description/meshes/mecanum/wheel_right_back_link.stl -> /home/mega/JetRover/sim/ros2_ws/install/jetrover_description/share/jetrover_description/meshes/mecanum
[1.798s] symbolically linking /home/mega/JetRover/sim/ros2_ws/build/jetrover_description/meshes/mecanum/wheel_right_front_link_collision.stl -> /home/mega/JetRover/sim/ros2_ws/install/jetrover_description/share/jetrover_description/meshes/mecanum
[1.798s] symbolically linking /home/mega/JetRover/sim/ros2_ws/build/jetrover_description/meshes/mecanum/base_link_collision.stl -> /home/mega/JetRover/sim/ros2_ws/install/jetrover_description/share/jetrover_description/meshes/mecanum
[1.798s] symbolically linking /home/mega/JetRover/sim/ros2_ws/build/jetrover_description/meshes/mecanum/wheel_left_back_link_collision.stl -> /home/mega/JetRover/sim/ros2_ws/install/jetrover_description/share/jetrover_description/meshes/mecanum
[1.798s] symbolically linking /home/mega/JetRover/sim/ros2_ws/build/jetrover_description/meshes/mecanum/wheel_left_front_link_collision.stl -> /home/mega/JetRover/sim/ros2_ws/install/jetrover_description/share/jetrover_description/meshes/mecanum
[1.798s] symbolically linking /home/mega/JetRover/sim/ros2_ws/build/jetrover_description/meshes/mecanum/wheel_right_back_link_collision.stl -> /home/mega/JetRover/sim/ros2_ws/install/jetrover_description/share/jetrover_description/meshes/mecanum
[1.798s] symbolically linking /home/mega/JetRover/sim/ros2_ws/build/jetrover_description/meshes/mecanum/wheel_right_front_link.stl -> /home/mega/JetRover/sim/ros2_ws/install/jetrover_description/share/jetrover_description/meshes/mecanum
[1.798s] symbolically linking /home/mega/JetRover/sim/ros2_ws/build/jetrover_description/meshes/mecanum/wheel_left_back_link.stl -> /home/mega/JetRover/sim/ros2_ws/install/jetrover_description/share/jetrover_description/meshes/mecanum
[1.799s] symbolically linking /home/mega/JetRover/sim/ros2_ws/build/jetrover_description/meshes/mecanum/base_link.stl -> /home/mega/JetRover/sim/ros2_ws/install/jetrover_description/share/jetrover_description/meshes/mecanum
[1.799s] symbolically linking /home/mega/JetRover/sim/ros2_ws/build/jetrover_description/meshes/mecanum/wheel_left_front_link.stl -> /home/mega/JetRover/sim/ros2_ws/install/jetrover_description/share/jetrover_description/meshes/mecanum
[1.799s] creating /home/mega/JetRover/sim/ros2_ws/install/jetrover_description/share/jetrover_description/meshes/tank
[1.799s] symbolically linking /home/mega/JetRover/sim/ros2_ws/build/jetrover_description/meshes/tank/wheel_link.stl -> /home/mega/JetRover/sim/ros2_ws/install/jetrover_description/share/jetrover_description/meshes/tank
[1.799s] symbolically linking /home/mega/JetRover/sim/ros2_ws/build/jetrover_description/meshes/tank/base_link.stl -> /home/mega/JetRover/sim/ros2_ws/install/jetrover_description/share/jetrover_description/meshes/tank
[1.828s] Invoked command in '/home/mega/JetRover/sim/ros2_ws/build/jetrover_description' returned '0': PYTHONPATH=/home/mega/JetRover/sim/ros2_ws/build/jetrover_description/prefix_override:/usr/lib/python3/dist-packages/colcon_core/task/python/colcon_distutils_commands:/home/mega/JetRover/sim/ros2_ws/install/jetrover_description/lib/python3.10/site-packages:${PYTHONPATH} /usr/bin/python3 -W ignore:setup.py install is deprecated -W ignore:easy_install command is deprecated setup.py develop --editable --build-directory /home/mega/JetRover/sim/ros2_ws/build/jetrover_description/build --no-deps symlink_data
