[0.216s] Invoking command in '/home/mega/JetRover/sim/ros2_ws/build/block_A_description': /usr/bin/cmake /home/mega/JetRover/sim/ros2_ws/src/custom_models/block_A_description -DCATKIN_INSTALL_INTO_PREFIX_ROOT=0 -DCATKIN_SYMLINK_INSTALL=ON -DCMAKE_INSTALL_PREFIX=/home/mega/JetRover/sim/ros2_ws/install/block_A_description
[0.579s] -- The C compiler identification is GNU 11.4.0
[0.579s] -- The CXX compiler identification is GNU 11.4.0
[0.579s] -- Detecting C compiler ABI info
[0.579s] -- Detecting C compiler ABI info - done
[0.579s] -- Check for working C compiler: /usr/bin/cc - skipped
[0.579s] -- Detecting C compile features
[0.579s] -- Detecting C compile features - done
[0.580s] -- Detecting CXX compiler ABI info
[0.580s] -- Detecting CXX compiler ABI info - done
[0.584s] -- Check for working CXX compiler: /usr/bin/c++ - skipped
[0.584s] -- Detecting CXX compile features
[0.585s] -- Detecting CXX compile features - done
[0.585s] -- Found ament_cmake: 1.3.14 (/opt/ros/humble/share/ament_cmake/cmake)
[0.793s] -- Found Python3: /usr/bin/python3 (found version "3.10.12") found components: Interpreter 
[1.039s] WARNING: Package name "block_A_description" does not follow the naming conventions. It should start with a lower case letter and only contain lower case letters, digits, underscores, and dashes.
[1.065s] -- Configuring done
[1.069s] -- Generating done
[1.071s] [33mCMake Warning:
[1.072s]   Manually-specified variables were not used by the project:
[1.072s] 
[1.072s]     CATKIN_INSTALL_INTO_PREFIX_ROOT
[1.073s]     CATKIN_SYMLINK_INSTALL
[1.073s] 
[1.073s] [0m
[1.075s] -- Build files have been written to: /home/mega/JetRover/sim/ros2_ws/build/block_A_description
[1.084s] Invoked command in '/home/mega/JetRover/sim/ros2_ws/build/block_A_description' returned '0': /usr/bin/cmake /home/mega/JetRover/sim/ros2_ws/src/custom_models/block_A_description -DCATKIN_INSTALL_INTO_PREFIX_ROOT=0 -DCATKIN_SYMLINK_INSTALL=ON -DCMAKE_INSTALL_PREFIX=/home/mega/JetRover/sim/ros2_ws/install/block_A_description
[1.087s] Invoking command in '/home/mega/JetRover/sim/ros2_ws/build/block_A_description': /usr/bin/cmake --build /home/mega/JetRover/sim/ros2_ws/build/block_A_description -- -j12 -l12
[1.205s] Invoked command in '/home/mega/JetRover/sim/ros2_ws/build/block_A_description' returned '0': /usr/bin/cmake --build /home/mega/JetRover/sim/ros2_ws/build/block_A_description -- -j12 -l12
[1.208s] Invoking command in '/home/mega/JetRover/sim/ros2_ws/build/block_A_description': /usr/bin/cmake --install /home/mega/JetRover/sim/ros2_ws/build/block_A_description
[1.218s] -- Install configuration: ""
[1.219s] -- Installing: /home/mega/JetRover/sim/ros2_ws/install/block_A_description/share/block_A_description/meshes
[1.220s] -- Installing: /home/mega/JetRover/sim/ros2_ws/install/block_A_description/share/block_A_description/meshes/base_link.stl
[1.221s] -- Installing: /home/mega/JetRover/sim/ros2_ws/install/block_A_description/share/block_A_description/urdf
[1.221s] -- Installing: /home/mega/JetRover/sim/ros2_ws/install/block_A_description/share/block_A_description/urdf/materials.xacro
[1.221s] -- Installing: /home/mega/JetRover/sim/ros2_ws/install/block_A_description/share/block_A_description/urdf/block_A.trans
[1.221s] -- Installing: /home/mega/JetRover/sim/ros2_ws/install/block_A_description/share/block_A_description/urdf/block_A.gazebo
[1.221s] -- Installing: /home/mega/JetRover/sim/ros2_ws/install/block_A_description/share/block_A_description/urdf/block_A.xacro
[1.221s] -- Installing: /home/mega/JetRover/sim/ros2_ws/install/block_A_description/share/block_A_description/package.xml
[1.221s] -- Installing: /home/mega/JetRover/sim/ros2_ws/install/block_A_description/share/ament_index/resource_index/package_run_dependencies/block_A_description
[1.221s] -- Installing: /home/mega/JetRover/sim/ros2_ws/install/block_A_description/share/ament_index/resource_index/parent_prefix_path/block_A_description
[1.221s] -- Installing: /home/mega/JetRover/sim/ros2_ws/install/block_A_description/share/block_A_description/environment/ament_prefix_path.sh
[1.221s] -- Installing: /home/mega/JetRover/sim/ros2_ws/install/block_A_description/share/block_A_description/environment/ament_prefix_path.dsv
[1.222s] -- Installing: /home/mega/JetRover/sim/ros2_ws/install/block_A_description/share/block_A_description/environment/path.sh
[1.222s] -- Installing: /home/mega/JetRover/sim/ros2_ws/install/block_A_description/share/block_A_description/environment/path.dsv
[1.222s] -- Installing: /home/mega/JetRover/sim/ros2_ws/install/block_A_description/share/block_A_description/local_setup.bash
[1.222s] -- Installing: /home/mega/JetRover/sim/ros2_ws/install/block_A_description/share/block_A_description/local_setup.sh
[1.222s] -- Installing: /home/mega/JetRover/sim/ros2_ws/install/block_A_description/share/block_A_description/local_setup.zsh
[1.222s] -- Installing: /home/mega/JetRover/sim/ros2_ws/install/block_A_description/share/block_A_description/local_setup.dsv
[1.222s] -- Installing: /home/mega/JetRover/sim/ros2_ws/install/block_A_description/share/block_A_description/package.dsv
[1.222s] -- Installing: /home/mega/JetRover/sim/ros2_ws/install/block_A_description/share/ament_index/resource_index/packages/block_A_description
[1.223s] -- Installing: /home/mega/JetRover/sim/ros2_ws/install/block_A_description/share/block_A_description/cmake/block_A_descriptionConfig.cmake
[1.223s] -- Installing: /home/mega/JetRover/sim/ros2_ws/install/block_A_description/share/block_A_description/cmake/block_A_descriptionConfig-version.cmake
[1.223s] -- Up-to-date: /home/mega/JetRover/sim/ros2_ws/install/block_A_description/share/block_A_description/package.xml
[1.265s] Invoked command in '/home/mega/JetRover/sim/ros2_ws/build/block_A_description' returned '0': /usr/bin/cmake --install /home/mega/JetRover/sim/ros2_ws/build/block_A_description
