[0.237s] Invoking command in '/home/mega/JetRover/sim/ros2_ws/build/8cm_height_description': /usr/bin/cmake /home/mega/JetRover/sim/ros2_ws/src/custom_models/8cm_height_description -DCATKIN_INSTALL_INTO_PREFIX_ROOT=0 -DCATKIN_SYMLINK_INSTALL=ON -DCMAKE_INSTALL_PREFIX=/home/mega/JetRover/sim/ros2_ws/install/8cm_height_description
[0.561s] -- Found ament_cmake: 1.3.14 (/opt/ros/humble/share/ament_cmake/cmake)
[0.561s] -- Configuring done
[0.561s] -- Generating done
[0.561s] -- Build files have been written to: /home/mega/JetRover/sim/ros2_ws/build/8cm_height_description
[0.561s] WARNING: Package name "8cm_height_description" does not follow the naming conventions. It should start with a lower case letter and only contain lower case letters, digits, underscores, and dashes.
[0.765s] Invoked command in '/home/mega/JetRover/sim/ros2_ws/build/8cm_height_description' returned '0': /usr/bin/cmake /home/mega/JetRover/sim/ros2_ws/src/custom_models/8cm_height_description -DCATKIN_INSTALL_INTO_PREFIX_ROOT=0 -DCATKIN_SYMLINK_INSTALL=ON -DCMAKE_INSTALL_PREFIX=/home/mega/JetRover/sim/ros2_ws/install/8cm_height_description
[0.766s] Invoking command in '/home/mega/JetRover/sim/ros2_ws/build/8cm_height_description': /usr/bin/cmake --build /home/mega/JetRover/sim/ros2_ws/build/8cm_height_description -- -j12 -l12
[0.841s] Invoked command in '/home/mega/JetRover/sim/ros2_ws/build/8cm_height_description' returned '0': /usr/bin/cmake --build /home/mega/JetRover/sim/ros2_ws/build/8cm_height_description -- -j12 -l12
[0.843s] Invoking command in '/home/mega/JetRover/sim/ros2_ws/build/8cm_height_description': /usr/bin/cmake --install /home/mega/JetRover/sim/ros2_ws/build/8cm_height_description
[0.856s] -- Install configuration: ""
[0.856s] -- Up-to-date: /home/mega/JetRover/sim/ros2_ws/install/8cm_height_description/share/8cm_height_description/meshes
[0.856s] -- Up-to-date: /home/mega/JetRover/sim/ros2_ws/install/8cm_height_description/share/8cm_height_description/meshes/base_link.stl
[0.857s] -- Up-to-date: /home/mega/JetRover/sim/ros2_ws/install/8cm_height_description/share/8cm_height_description/urdf
[0.857s] -- Up-to-date: /home/mega/JetRover/sim/ros2_ws/install/8cm_height_description/share/8cm_height_description/urdf/8cm_height.trans
[0.857s] -- Up-to-date: /home/mega/JetRover/sim/ros2_ws/install/8cm_height_description/share/8cm_height_description/urdf/materials.xacro
[0.857s] -- Up-to-date: /home/mega/JetRover/sim/ros2_ws/install/8cm_height_description/share/8cm_height_description/urdf/8cm_height.xacro
[0.857s] -- Up-to-date: /home/mega/JetRover/sim/ros2_ws/install/8cm_height_description/share/8cm_height_description/urdf/8cm_height.gazebo
[0.857s] -- Up-to-date: /home/mega/JetRover/sim/ros2_ws/install/8cm_height_description/share/8cm_height_description/package.xml
[0.857s] -- Up-to-date: /home/mega/JetRover/sim/ros2_ws/install/8cm_height_description/share/ament_index/resource_index/package_run_dependencies/8cm_height_description
[0.857s] -- Up-to-date: /home/mega/JetRover/sim/ros2_ws/install/8cm_height_description/share/ament_index/resource_index/parent_prefix_path/8cm_height_description
[0.858s] -- Up-to-date: /home/mega/JetRover/sim/ros2_ws/install/8cm_height_description/share/8cm_height_description/environment/ament_prefix_path.sh
[0.858s] -- Installing: /home/mega/JetRover/sim/ros2_ws/install/8cm_height_description/share/8cm_height_description/environment/ament_prefix_path.dsv
[0.858s] -- Up-to-date: /home/mega/JetRover/sim/ros2_ws/install/8cm_height_description/share/8cm_height_description/environment/path.sh
[0.858s] -- Installing: /home/mega/JetRover/sim/ros2_ws/install/8cm_height_description/share/8cm_height_description/environment/path.dsv
[0.858s] -- Up-to-date: /home/mega/JetRover/sim/ros2_ws/install/8cm_height_description/share/8cm_height_description/local_setup.bash
[0.858s] -- Up-to-date: /home/mega/JetRover/sim/ros2_ws/install/8cm_height_description/share/8cm_height_description/local_setup.sh
[0.858s] -- Up-to-date: /home/mega/JetRover/sim/ros2_ws/install/8cm_height_description/share/8cm_height_description/local_setup.zsh
[0.859s] -- Installing: /home/mega/JetRover/sim/ros2_ws/install/8cm_height_description/share/8cm_height_description/local_setup.dsv
[0.859s] -- Installing: /home/mega/JetRover/sim/ros2_ws/install/8cm_height_description/share/8cm_height_description/package.dsv
[0.859s] -- Up-to-date: /home/mega/JetRover/sim/ros2_ws/install/8cm_height_description/share/ament_index/resource_index/packages/8cm_height_description
[0.859s] -- Up-to-date: /home/mega/JetRover/sim/ros2_ws/install/8cm_height_description/share/8cm_height_description/cmake/8cm_height_descriptionConfig.cmake
[0.859s] -- Up-to-date: /home/mega/JetRover/sim/ros2_ws/install/8cm_height_description/share/8cm_height_description/cmake/8cm_height_descriptionConfig-version.cmake
[0.859s] -- Up-to-date: /home/mega/JetRover/sim/ros2_ws/install/8cm_height_description/share/8cm_height_description/package.xml
[0.901s] Invoked command in '/home/mega/JetRover/sim/ros2_ws/build/8cm_height_description' returned '0': /usr/bin/cmake --install /home/mega/JetRover/sim/ros2_ws/build/8cm_height_description
