[0.231s] Invoking command in '/home/mega/JetRover/sim/ros2_ws/build/block_I_description': /usr/bin/cmake /home/mega/JetRover/sim/ros2_ws/src/custom_models/block_I_description -DCATKIN_INSTALL_INTO_PREFIX_ROOT=0 -DCATKIN_SYMLINK_INSTALL=ON -DCMAKE_INSTALL_PREFIX=/home/mega/JetRover/sim/ros2_ws/install/block_I_description
[0.549s] -- Found ament_cmake: 1.3.14 (/opt/ros/humble/share/ament_cmake/cmake)
[0.549s] -- Configuring done
[0.549s] -- Generating done
[0.549s] -- Build files have been written to: /home/mega/JetRover/sim/ros2_ws/build/block_I_description
[0.549s] WARNING: Package name "block_I_description" does not follow the naming conventions. It should start with a lower case letter and only contain lower case letters, digits, underscores, and dashes.
[0.756s] Invoked command in '/home/mega/JetRover/sim/ros2_ws/build/block_I_description' returned '0': /usr/bin/cmake /home/mega/JetRover/sim/ros2_ws/src/custom_models/block_I_description -DCATKIN_INSTALL_INTO_PREFIX_ROOT=0 -DCATKIN_SYMLINK_INSTALL=ON -DCMAKE_INSTALL_PREFIX=/home/mega/JetRover/sim/ros2_ws/install/block_I_description
[0.758s] Invoking command in '/home/mega/JetRover/sim/ros2_ws/build/block_I_description': /usr/bin/cmake --build /home/mega/JetRover/sim/ros2_ws/build/block_I_description -- -j12 -l12
[0.841s] Invoked command in '/home/mega/JetRover/sim/ros2_ws/build/block_I_description' returned '0': /usr/bin/cmake --build /home/mega/JetRover/sim/ros2_ws/build/block_I_description -- -j12 -l12
[0.846s] Invoking command in '/home/mega/JetRover/sim/ros2_ws/build/block_I_description': /usr/bin/cmake --install /home/mega/JetRover/sim/ros2_ws/build/block_I_description
[0.863s] -- Install configuration: ""
[0.863s] -- Up-to-date: /home/mega/JetRover/sim/ros2_ws/install/block_I_description/share/block_I_description/meshes
[0.863s] -- Up-to-date: /home/mega/JetRover/sim/ros2_ws/install/block_I_description/share/block_I_description/meshes/base_link.stl
[0.863s] -- Up-to-date: /home/mega/JetRover/sim/ros2_ws/install/block_I_description/share/block_I_description/urdf
[0.863s] -- Up-to-date: /home/mega/JetRover/sim/ros2_ws/install/block_I_description/share/block_I_description/urdf/materials.xacro
[0.863s] -- Up-to-date: /home/mega/JetRover/sim/ros2_ws/install/block_I_description/share/block_I_description/urdf/block_I.gazebo
[0.863s] -- Up-to-date: /home/mega/JetRover/sim/ros2_ws/install/block_I_description/share/block_I_description/urdf/block_I.xacro
[0.863s] -- Up-to-date: /home/mega/JetRover/sim/ros2_ws/install/block_I_description/share/block_I_description/urdf/block_I.trans
[0.863s] -- Up-to-date: /home/mega/JetRover/sim/ros2_ws/install/block_I_description/share/block_I_description/package.xml
[0.863s] -- Up-to-date: /home/mega/JetRover/sim/ros2_ws/install/block_I_description/share/ament_index/resource_index/package_run_dependencies/block_I_description
[0.864s] -- Up-to-date: /home/mega/JetRover/sim/ros2_ws/install/block_I_description/share/ament_index/resource_index/parent_prefix_path/block_I_description
[0.864s] -- Up-to-date: /home/mega/JetRover/sim/ros2_ws/install/block_I_description/share/block_I_description/environment/ament_prefix_path.sh
[0.864s] -- Installing: /home/mega/JetRover/sim/ros2_ws/install/block_I_description/share/block_I_description/environment/ament_prefix_path.dsv
[0.864s] -- Up-to-date: /home/mega/JetRover/sim/ros2_ws/install/block_I_description/share/block_I_description/environment/path.sh
[0.864s] -- Installing: /home/mega/JetRover/sim/ros2_ws/install/block_I_description/share/block_I_description/environment/path.dsv
[0.864s] -- Up-to-date: /home/mega/JetRover/sim/ros2_ws/install/block_I_description/share/block_I_description/local_setup.bash
[0.864s] -- Up-to-date: /home/mega/JetRover/sim/ros2_ws/install/block_I_description/share/block_I_description/local_setup.sh
[0.864s] -- Up-to-date: /home/mega/JetRover/sim/ros2_ws/install/block_I_description/share/block_I_description/local_setup.zsh
[0.864s] -- Installing: /home/mega/JetRover/sim/ros2_ws/install/block_I_description/share/block_I_description/local_setup.dsv
[0.864s] -- Installing: /home/mega/JetRover/sim/ros2_ws/install/block_I_description/share/block_I_description/package.dsv
[0.864s] -- Up-to-date: /home/mega/JetRover/sim/ros2_ws/install/block_I_description/share/ament_index/resource_index/packages/block_I_description
[0.864s] -- Up-to-date: /home/mega/JetRover/sim/ros2_ws/install/block_I_description/share/block_I_description/cmake/block_I_descriptionConfig.cmake
[0.864s] -- Up-to-date: /home/mega/JetRover/sim/ros2_ws/install/block_I_description/share/block_I_description/cmake/block_I_descriptionConfig-version.cmake
[0.864s] -- Up-to-date: /home/mega/JetRover/sim/ros2_ws/install/block_I_description/share/block_I_description/package.xml
[0.928s] Invoked command in '/home/mega/JetRover/sim/ros2_ws/build/block_I_description' returned '0': /usr/bin/cmake --install /home/mega/JetRover/sim/ros2_ws/build/block_I_description
