[0.010s] Invoking command in '/home/mega/JetRover/sim/ros2_ws/build/hiwonder_moveit_config': AMENT_PREFIX_PATH=/home/mega/JetRover/sim/ros2_ws/install/jetrover_description:/home/mega/JetRover/sim/ros2_ws/install/my_custom_sim:/home/mega/JetRover/sim/ros2_ws/install/robot_gazebo:/home/mega/JetRover/sim/ros2_ws/install/hiwonder_moveit_config:/home/mega/vendor_ws/install/holonomic_sim:/opt/ros/humble CMAKE_PREFIX_PATH=${CMAKE_PREFIX_PATH}:/home/mega/JetRover/sim/ros2_ws/install/my_custom_sim:/home/mega/JetRover/sim/ros2_ws/install/robot_gazebo:/home/mega/JetRover/sim/ros2_ws/install/jetrover_description:/opt/ros/humble PYTHONPATH=/home/mega/JetRover/sim/ros2_ws/build/jetrover_description:/home/mega/JetRover/sim/ros2_ws/install/jetrover_description/lib/python3.10/site-packages:/home/mega/JetRover/sim/ros2_ws/build/my_custom_sim:/home/mega/JetRover/sim/ros2_ws/install/my_custom_sim/lib/python3.10/site-packages:/home/mega/JetRover/sim/ros2_ws/build/robot_gazebo:/home/mega/JetRover/sim/ros2_ws/install/robot_gazebo/lib/python3.10/site-packages:/opt/ros/humble/lib/python3.10/site-packages:/opt/ros/humble/local/lib/python3.10/dist-packages /usr/bin/cmake /home/mega/JetRover/sim/ros2_ws/src/hiwonder_moveit_config -DAMENT_CMAKE_SYMLINK_INSTALL=1 -DCMAKE_INSTALL_PREFIX=/home/mega/JetRover/sim/ros2_ws/install/hiwonder_moveit_config
[0.065s] -- The C compiler identification is GNU 11.4.0
[0.112s] -- The CXX compiler identification is GNU 11.4.0
[0.118s] -- Detecting C compiler ABI info
[0.181s] -- Detecting C compiler ABI info - done
[0.186s] -- Check for working C compiler: /usr/bin/cc - skipped
[0.186s] -- Detecting C compile features
[0.186s] -- Detecting C compile features - done
[0.188s] -- Detecting CXX compiler ABI info
[0.262s] -- Detecting CXX compiler ABI info - done
[0.267s] -- Check for working CXX compiler: /usr/bin/c++ - skipped
[0.267s] -- Detecting CXX compile features
[0.267s] -- Detecting CXX compile features - done
[0.270s] -- Found ament_cmake: 1.3.14 (/opt/ros/humble/share/ament_cmake/cmake)
[0.393s] -- Found Python3: /usr/bin/python3 (found version "3.10.12") found components: Interpreter 
[0.440s] -- Override CMake install command with custom implementation using symlinks instead of copying resources
[0.517s] -- Configuring done
[0.519s] -- Generating done
[0.520s] -- Build files have been written to: /home/mega/JetRover/sim/ros2_ws/build/hiwonder_moveit_config
[0.524s] Invoked command in '/home/mega/JetRover/sim/ros2_ws/build/hiwonder_moveit_config' returned '0': AMENT_PREFIX_PATH=/home/mega/JetRover/sim/ros2_ws/install/jetrover_description:/home/mega/JetRover/sim/ros2_ws/install/my_custom_sim:/home/mega/JetRover/sim/ros2_ws/install/robot_gazebo:/home/mega/JetRover/sim/ros2_ws/install/hiwonder_moveit_config:/home/mega/vendor_ws/install/holonomic_sim:/opt/ros/humble CMAKE_PREFIX_PATH=${CMAKE_PREFIX_PATH}:/home/mega/JetRover/sim/ros2_ws/install/my_custom_sim:/home/mega/JetRover/sim/ros2_ws/install/robot_gazebo:/home/mega/JetRover/sim/ros2_ws/install/jetrover_description:/opt/ros/humble PYTHONPATH=/home/mega/JetRover/sim/ros2_ws/build/jetrover_description:/home/mega/JetRover/sim/ros2_ws/install/jetrover_description/lib/python3.10/site-packages:/home/mega/JetRover/sim/ros2_ws/build/my_custom_sim:/home/mega/JetRover/sim/ros2_ws/install/my_custom_sim/lib/python3.10/site-packages:/home/mega/JetRover/sim/ros2_ws/build/robot_gazebo:/home/mega/JetRover/sim/ros2_ws/install/robot_gazebo/lib/python3.10/site-packages:/opt/ros/humble/lib/python3.10/site-packages:/opt/ros/humble/local/lib/python3.10/dist-packages /usr/bin/cmake /home/mega/JetRover/sim/ros2_ws/src/hiwonder_moveit_config -DAMENT_CMAKE_SYMLINK_INSTALL=1 -DCMAKE_INSTALL_PREFIX=/home/mega/JetRover/sim/ros2_ws/install/hiwonder_moveit_config
[0.525s] Invoking command in '/home/mega/JetRover/sim/ros2_ws/build/hiwonder_moveit_config': AMENT_PREFIX_PATH=/home/mega/JetRover/sim/ros2_ws/install/jetrover_description:/home/mega/JetRover/sim/ros2_ws/install/my_custom_sim:/home/mega/JetRover/sim/ros2_ws/install/robot_gazebo:/home/mega/JetRover/sim/ros2_ws/install/hiwonder_moveit_config:/home/mega/vendor_ws/install/holonomic_sim:/opt/ros/humble CMAKE_PREFIX_PATH=${CMAKE_PREFIX_PATH}:/home/mega/JetRover/sim/ros2_ws/install/my_custom_sim:/home/mega/JetRover/sim/ros2_ws/install/robot_gazebo:/home/mega/JetRover/sim/ros2_ws/install/jetrover_description:/opt/ros/humble PYTHONPATH=/home/mega/JetRover/sim/ros2_ws/build/jetrover_description:/home/mega/JetRover/sim/ros2_ws/install/jetrover_description/lib/python3.10/site-packages:/home/mega/JetRover/sim/ros2_ws/build/my_custom_sim:/home/mega/JetRover/sim/ros2_ws/install/my_custom_sim/lib/python3.10/site-packages:/home/mega/JetRover/sim/ros2_ws/build/robot_gazebo:/home/mega/JetRover/sim/ros2_ws/install/robot_gazebo/lib/python3.10/site-packages:/opt/ros/humble/lib/python3.10/site-packages:/opt/ros/humble/local/lib/python3.10/dist-packages /usr/bin/cmake --build /home/mega/JetRover/sim/ros2_ws/build/hiwonder_moveit_config -- -j12 -l12
[0.546s] -- Found ament_cmake: 1.3.14 (/opt/ros/humble/share/ament_cmake/cmake)
[0.640s] -- Override CMake install command with custom implementation using symlinks instead of copying resources
[0.696s] -- Configuring done
[0.698s] -- Generating done
[0.699s] -- Build files have been written to: /home/mega/JetRover/sim/ros2_ws/build/hiwonder_moveit_config
[0.721s] Invoked command in '/home/mega/JetRover/sim/ros2_ws/build/hiwonder_moveit_config' returned '0': AMENT_PREFIX_PATH=/home/mega/JetRover/sim/ros2_ws/install/jetrover_description:/home/mega/JetRover/sim/ros2_ws/install/my_custom_sim:/home/mega/JetRover/sim/ros2_ws/install/robot_gazebo:/home/mega/JetRover/sim/ros2_ws/install/hiwonder_moveit_config:/home/mega/vendor_ws/install/holonomic_sim:/opt/ros/humble CMAKE_PREFIX_PATH=${CMAKE_PREFIX_PATH}:/home/mega/JetRover/sim/ros2_ws/install/my_custom_sim:/home/mega/JetRover/sim/ros2_ws/install/robot_gazebo:/home/mega/JetRover/sim/ros2_ws/install/jetrover_description:/opt/ros/humble PYTHONPATH=/home/mega/JetRover/sim/ros2_ws/build/jetrover_description:/home/mega/JetRover/sim/ros2_ws/install/jetrover_description/lib/python3.10/site-packages:/home/mega/JetRover/sim/ros2_ws/build/my_custom_sim:/home/mega/JetRover/sim/ros2_ws/install/my_custom_sim/lib/python3.10/site-packages:/home/mega/JetRover/sim/ros2_ws/build/robot_gazebo:/home/mega/JetRover/sim/ros2_ws/install/robot_gazebo/lib/python3.10/site-packages:/opt/ros/humble/lib/python3.10/site-packages:/opt/ros/humble/local/lib/python3.10/dist-packages /usr/bin/cmake --build /home/mega/JetRover/sim/ros2_ws/build/hiwonder_moveit_config -- -j12 -l12
[0.723s] Invoking command in '/home/mega/JetRover/sim/ros2_ws/build/hiwonder_moveit_config': AMENT_PREFIX_PATH=/home/mega/JetRover/sim/ros2_ws/install/jetrover_description:/home/mega/JetRover/sim/ros2_ws/install/my_custom_sim:/home/mega/JetRover/sim/ros2_ws/install/robot_gazebo:/home/mega/JetRover/sim/ros2_ws/install/hiwonder_moveit_config:/home/mega/vendor_ws/install/holonomic_sim:/opt/ros/humble CMAKE_PREFIX_PATH=${CMAKE_PREFIX_PATH}:/home/mega/JetRover/sim/ros2_ws/install/my_custom_sim:/home/mega/JetRover/sim/ros2_ws/install/robot_gazebo:/home/mega/JetRover/sim/ros2_ws/install/jetrover_description:/opt/ros/humble PYTHONPATH=/home/mega/JetRover/sim/ros2_ws/build/jetrover_description:/home/mega/JetRover/sim/ros2_ws/install/jetrover_description/lib/python3.10/site-packages:/home/mega/JetRover/sim/ros2_ws/build/my_custom_sim:/home/mega/JetRover/sim/ros2_ws/install/my_custom_sim/lib/python3.10/site-packages:/home/mega/JetRover/sim/ros2_ws/build/robot_gazebo:/home/mega/JetRover/sim/ros2_ws/install/robot_gazebo/lib/python3.10/site-packages:/opt/ros/humble/lib/python3.10/site-packages:/opt/ros/humble/local/lib/python3.10/dist-packages /usr/bin/cmake --install /home/mega/JetRover/sim/ros2_ws/build/hiwonder_moveit_config
[0.729s] -- Install configuration: ""
[0.730s] -- Execute custom install script
[0.730s] -- Symlinking: /home/mega/JetRover/sim/ros2_ws/install/hiwonder_moveit_config/share/ament_index/resource_index/package_run_dependencies/hiwonder_moveit_config
[0.738s] -- Symlinking: /home/mega/JetRover/sim/ros2_ws/install/hiwonder_moveit_config/share/ament_index/resource_index/parent_prefix_path/hiwonder_moveit_config
[0.746s] -- Symlinking: /home/mega/JetRover/sim/ros2_ws/install/hiwonder_moveit_config/share/hiwonder_moveit_config/environment/ament_prefix_path.sh
[0.754s] -- Symlinking: /home/mega/JetRover/sim/ros2_ws/install/hiwonder_moveit_config/share/hiwonder_moveit_config/environment/ament_prefix_path.dsv
[0.762s] -- Symlinking: /home/mega/JetRover/sim/ros2_ws/install/hiwonder_moveit_config/share/hiwonder_moveit_config/environment/path.sh
[0.771s] -- Symlinking: /home/mega/JetRover/sim/ros2_ws/install/hiwonder_moveit_config/share/hiwonder_moveit_config/environment/path.dsv
[0.780s] -- Symlinking: /home/mega/JetRover/sim/ros2_ws/install/hiwonder_moveit_config/share/hiwonder_moveit_config/local_setup.bash
[0.790s] -- Symlinking: /home/mega/JetRover/sim/ros2_ws/install/hiwonder_moveit_config/share/hiwonder_moveit_config/local_setup.sh
[0.798s] -- Symlinking: /home/mega/JetRover/sim/ros2_ws/install/hiwonder_moveit_config/share/hiwonder_moveit_config/local_setup.zsh
[0.805s] -- Symlinking: /home/mega/JetRover/sim/ros2_ws/install/hiwonder_moveit_config/share/hiwonder_moveit_config/local_setup.dsv
[0.814s] -- Symlinking: /home/mega/JetRover/sim/ros2_ws/install/hiwonder_moveit_config/share/hiwonder_moveit_config/package.dsv
[0.822s] -- Symlinking: /home/mega/JetRover/sim/ros2_ws/install/hiwonder_moveit_config/share/ament_index/resource_index/packages/hiwonder_moveit_config
[0.831s] -- Symlinking: /home/mega/JetRover/sim/ros2_ws/install/hiwonder_moveit_config/share/hiwonder_moveit_config/cmake/hiwonder_moveit_configConfig.cmake
[0.839s] -- Symlinking: /home/mega/JetRover/sim/ros2_ws/install/hiwonder_moveit_config/share/hiwonder_moveit_config/cmake/hiwonder_moveit_configConfig-version.cmake
[0.847s] -- Symlinking: /home/mega/JetRover/sim/ros2_ws/install/hiwonder_moveit_config/share/hiwonder_moveit_config/package.xml
[0.856s] -- Symlinking: /home/mega/JetRover/sim/ros2_ws/install/hiwonder_moveit_config/share/hiwonder_moveit_config/launch/__pycache__/relay_node.cpython-310.pyc
[0.864s] -- Symlinking: /home/mega/JetRover/sim/ros2_ws/install/hiwonder_moveit_config/share/hiwonder_moveit_config/launch/demo.launch.py
[0.871s] -- Symlinking: /home/mega/JetRover/sim/ros2_ws/install/hiwonder_moveit_config/share/hiwonder_moveit_config/launch/move_group.launch.py
[0.878s] -- Symlinking: /home/mega/JetRover/sim/ros2_ws/install/hiwonder_moveit_config/share/hiwonder_moveit_config/launch/moveit_rviz.launch.py
[0.888s] -- Symlinking: /home/mega/JetRover/sim/ros2_ws/install/hiwonder_moveit_config/share/hiwonder_moveit_config/launch/rsp.launch.py
[0.897s] -- Symlinking: /home/mega/JetRover/sim/ros2_ws/install/hiwonder_moveit_config/share/hiwonder_moveit_config/launch/setup_assistant.launch.py
[0.907s] -- Symlinking: /home/mega/JetRover/sim/ros2_ws/install/hiwonder_moveit_config/share/hiwonder_moveit_config/launch/spawn_controllers.launch.py
[0.916s] -- Symlinking: /home/mega/JetRover/sim/ros2_ws/install/hiwonder_moveit_config/share/hiwonder_moveit_config/launch/static_virtual_joint_tfs.launch.py
[0.926s] -- Symlinking: /home/mega/JetRover/sim/ros2_ws/install/hiwonder_moveit_config/share/hiwonder_moveit_config/launch/warehouse_db.launch.py
[0.936s] -- Symlinking: /home/mega/JetRover/sim/ros2_ws/install/hiwonder_moveit_config/share/hiwonder_moveit_config/config/initial_positions.yaml
[0.945s] -- Symlinking: /home/mega/JetRover/sim/ros2_ws/install/hiwonder_moveit_config/share/hiwonder_moveit_config/config/jetrover.ros2_control.xacro
[0.955s] -- Symlinking: /home/mega/JetRover/sim/ros2_ws/install/hiwonder_moveit_config/share/hiwonder_moveit_config/config/jetrover.srdf
[0.965s] -- Symlinking: /home/mega/JetRover/sim/ros2_ws/install/hiwonder_moveit_config/share/hiwonder_moveit_config/config/jetrover.urdf.xacro
[0.973s] -- Symlinking: /home/mega/JetRover/sim/ros2_ws/install/hiwonder_moveit_config/share/hiwonder_moveit_config/config/joint_limits.yaml
[0.983s] -- Symlinking: /home/mega/JetRover/sim/ros2_ws/install/hiwonder_moveit_config/share/hiwonder_moveit_config/config/kinematics.yaml
[0.993s] -- Symlinking: /home/mega/JetRover/sim/ros2_ws/install/hiwonder_moveit_config/share/hiwonder_moveit_config/config/moveit_controllers.yaml
[1.003s] -- Symlinking: /home/mega/JetRover/sim/ros2_ws/install/hiwonder_moveit_config/share/hiwonder_moveit_config/config/pilz_cartesian_limits.yaml
[1.012s] -- Symlinking: /home/mega/JetRover/sim/ros2_ws/install/hiwonder_moveit_config/share/hiwonder_moveit_config/config/ros2_controllers.yaml
[1.021s] -- Symlinking: /home/mega/JetRover/sim/ros2_ws/install/hiwonder_moveit_config/share/hiwonder_moveit_config/config/sensors_3d.yaml
[1.030s] -- Symlinking: /home/mega/JetRover/sim/ros2_ws/install/hiwonder_moveit_config/share/hiwonder_moveit_config/.setup_assistant
[1.040s] Invoked command in '/home/mega/JetRover/sim/ros2_ws/build/hiwonder_moveit_config' returned '0': AMENT_PREFIX_PATH=/home/mega/JetRover/sim/ros2_ws/install/jetrover_description:/home/mega/JetRover/sim/ros2_ws/install/my_custom_sim:/home/mega/JetRover/sim/ros2_ws/install/robot_gazebo:/home/mega/JetRover/sim/ros2_ws/install/hiwonder_moveit_config:/home/mega/vendor_ws/install/holonomic_sim:/opt/ros/humble CMAKE_PREFIX_PATH=${CMAKE_PREFIX_PATH}:/home/mega/JetRover/sim/ros2_ws/install/my_custom_sim:/home/mega/JetRover/sim/ros2_ws/install/robot_gazebo:/home/mega/JetRover/sim/ros2_ws/install/jetrover_description:/opt/ros/humble PYTHONPATH=/home/mega/JetRover/sim/ros2_ws/build/jetrover_description:/home/mega/JetRover/sim/ros2_ws/install/jetrover_description/lib/python3.10/site-packages:/home/mega/JetRover/sim/ros2_ws/build/my_custom_sim:/home/mega/JetRover/sim/ros2_ws/install/my_custom_sim/lib/python3.10/site-packages:/home/mega/JetRover/sim/ros2_ws/build/robot_gazebo:/home/mega/JetRover/sim/ros2_ws/install/robot_gazebo/lib/python3.10/site-packages:/opt/ros/humble/lib/python3.10/site-packages:/opt/ros/humble/local/lib/python3.10/dist-packages /usr/bin/cmake --install /home/mega/JetRover/sim/ros2_ws/build/hiwonder_moveit_config
