[0.214s] Invoking command in '/home/mega/JetRover/sim/ros2_ws/build/block_R_description': /usr/bin/cmake /home/mega/JetRover/sim/ros2_ws/src/custom_models/block_R_description -DCATKIN_INSTALL_INTO_PREFIX_ROOT=0 -DCATKIN_SYMLINK_INSTALL=ON -DCMAKE_INSTALL_PREFIX=/home/mega/JetRover/sim/ros2_ws/install/block_R_description
[0.574s] -- The C compiler identification is GNU 11.4.0
[0.574s] -- The CXX compiler identification is GNU 11.4.0
[0.574s] -- Detecting C compiler ABI info
[0.574s] -- Detecting C compiler ABI info - done
[0.574s] -- Check for working C compiler: /usr/bin/cc - skipped
[0.575s] -- Detecting C compile features
[0.575s] -- Detecting C compile features - done
[0.575s] -- Detecting CXX compiler ABI info
[0.575s] -- Detecting CXX compiler ABI info - done
[0.577s] -- Check for working CXX compiler: /usr/bin/c++ - skipped
[0.577s] -- Detecting CXX compile features
[0.578s] -- Detecting CXX compile features - done
[0.581s] -- Found ament_cmake: 1.3.14 (/opt/ros/humble/share/ament_cmake/cmake)
[0.783s] -- Found Python3: /usr/bin/python3 (found version "3.10.12") found components: Interpreter 
[1.037s] WARNING: Package name "block_R_description" does not follow the naming conventions. It should start with a lower case letter and only contain lower case letters, digits, underscores, and dashes.
[1.066s] -- Configuring done
[1.068s] -- Generating done
[1.069s] [33mCMake Warning:
[1.069s]   Manually-specified variables were not used by the project:
[1.069s] 
[1.070s]     CATKIN_INSTALL_INTO_PREFIX_ROOT
[1.070s]     CATKIN_SYMLINK_INSTALL
[1.070s] 
[1.070s] [0m
[1.070s] -- Build files have been written to: /home/mega/JetRover/sim/ros2_ws/build/block_R_description
[1.079s] Invoked command in '/home/mega/JetRover/sim/ros2_ws/build/block_R_description' returned '0': /usr/bin/cmake /home/mega/JetRover/sim/ros2_ws/src/custom_models/block_R_description -DCATKIN_INSTALL_INTO_PREFIX_ROOT=0 -DCATKIN_SYMLINK_INSTALL=ON -DCMAKE_INSTALL_PREFIX=/home/mega/JetRover/sim/ros2_ws/install/block_R_description
[1.081s] Invoking command in '/home/mega/JetRover/sim/ros2_ws/build/block_R_description': /usr/bin/cmake --build /home/mega/JetRover/sim/ros2_ws/build/block_R_description -- -j12 -l12
[1.155s] Invoked command in '/home/mega/JetRover/sim/ros2_ws/build/block_R_description' returned '0': /usr/bin/cmake --build /home/mega/JetRover/sim/ros2_ws/build/block_R_description -- -j12 -l12
[1.163s] Invoking command in '/home/mega/JetRover/sim/ros2_ws/build/block_R_description': /usr/bin/cmake --install /home/mega/JetRover/sim/ros2_ws/build/block_R_description
[1.172s] -- Install configuration: ""
[1.172s] -- Installing: /home/mega/JetRover/sim/ros2_ws/install/block_R_description/share/block_R_description/meshes
[1.173s] -- Installing: /home/mega/JetRover/sim/ros2_ws/install/block_R_description/share/block_R_description/meshes/base_link.stl
[1.173s] -- Installing: /home/mega/JetRover/sim/ros2_ws/install/block_R_description/share/block_R_description/urdf
[1.173s] -- Installing: /home/mega/JetRover/sim/ros2_ws/install/block_R_description/share/block_R_description/urdf/block_R.trans
[1.173s] -- Installing: /home/mega/JetRover/sim/ros2_ws/install/block_R_description/share/block_R_description/urdf/materials.xacro
[1.173s] -- Installing: /home/mega/JetRover/sim/ros2_ws/install/block_R_description/share/block_R_description/urdf/block_R.gazebo
[1.173s] -- Installing: /home/mega/JetRover/sim/ros2_ws/install/block_R_description/share/block_R_description/urdf/block_R.xacro
[1.174s] -- Installing: /home/mega/JetRover/sim/ros2_ws/install/block_R_description/share/block_R_description/package.xml
[1.174s] -- Installing: /home/mega/JetRover/sim/ros2_ws/install/block_R_description/share/ament_index/resource_index/package_run_dependencies/block_R_description
[1.174s] -- Installing: /home/mega/JetRover/sim/ros2_ws/install/block_R_description/share/ament_index/resource_index/parent_prefix_path/block_R_description
[1.174s] -- Installing: /home/mega/JetRover/sim/ros2_ws/install/block_R_description/share/block_R_description/environment/ament_prefix_path.sh
[1.175s] -- Installing: /home/mega/JetRover/sim/ros2_ws/install/block_R_description/share/block_R_description/environment/ament_prefix_path.dsv
[1.175s] -- Installing: /home/mega/JetRover/sim/ros2_ws/install/block_R_description/share/block_R_description/environment/path.sh
[1.175s] -- Installing: /home/mega/JetRover/sim/ros2_ws/install/block_R_description/share/block_R_description/environment/path.dsv
[1.176s] -- Installing: /home/mega/JetRover/sim/ros2_ws/install/block_R_description/share/block_R_description/local_setup.bash
[1.176s] -- Installing: /home/mega/JetRover/sim/ros2_ws/install/block_R_description/share/block_R_description/local_setup.sh
[1.176s] -- Installing: /home/mega/JetRover/sim/ros2_ws/install/block_R_description/share/block_R_description/local_setup.zsh
[1.176s] -- Installing: /home/mega/JetRover/sim/ros2_ws/install/block_R_description/share/block_R_description/local_setup.dsv
[1.176s] -- Installing: /home/mega/JetRover/sim/ros2_ws/install/block_R_description/share/block_R_description/package.dsv
[1.176s] -- Installing: /home/mega/JetRover/sim/ros2_ws/install/block_R_description/share/ament_index/resource_index/packages/block_R_description
[1.176s] -- Installing: /home/mega/JetRover/sim/ros2_ws/install/block_R_description/share/block_R_description/cmake/block_R_descriptionConfig.cmake
[1.176s] -- Installing: /home/mega/JetRover/sim/ros2_ws/install/block_R_description/share/block_R_description/cmake/block_R_descriptionConfig-version.cmake
[1.176s] -- Up-to-date: /home/mega/JetRover/sim/ros2_ws/install/block_R_description/share/block_R_description/package.xml
[1.230s] Invoked command in '/home/mega/JetRover/sim/ros2_ws/build/block_R_description' returned '0': /usr/bin/cmake --install /home/mega/JetRover/sim/ros2_ws/build/block_R_description
