[0.235s] Invoking command in '/home/mega/JetRover/sim/ros2_ws/build/4cm_height_description': /usr/bin/cmake --build /home/mega/JetRover/sim/ros2_ws/build/4cm_height_description -- -j12 -l12
[0.466s] Invoked command in '/home/mega/JetRover/sim/ros2_ws/build/4cm_height_description' returned '0': /usr/bin/cmake --build /home/mega/JetRover/sim/ros2_ws/build/4cm_height_description -- -j12 -l12
[0.467s] Invoking command in '/home/mega/JetRover/sim/ros2_ws/build/4cm_height_description': /usr/bin/cmake --install /home/mega/JetRover/sim/ros2_ws/build/4cm_height_description
[0.673s] -- Install configuration: ""
[0.674s] -- Up-to-date: /home/mega/JetRover/sim/ros2_ws/install/4cm_height_description/share/4cm_height_description/meshes
[0.674s] -- Up-to-date: /home/mega/JetRover/sim/ros2_ws/install/4cm_height_description/share/4cm_height_description/meshes/base_link.stl
[0.674s] -- Up-to-date: /home/mega/JetRover/sim/ros2_ws/install/4cm_height_description/share/4cm_height_description/urdf
[0.674s] -- Up-to-date: /home/mega/JetRover/sim/ros2_ws/install/4cm_height_description/share/4cm_height_description/urdf/materials.xacro
[0.674s] -- Up-to-date: /home/mega/JetRover/sim/ros2_ws/install/4cm_height_description/share/4cm_height_description/urdf/4cm_height.gazebo
[0.674s] -- Up-to-date: /home/mega/JetRover/sim/ros2_ws/install/4cm_height_description/share/4cm_height_description/urdf/4cm_height.trans
[0.674s] -- Up-to-date: /home/mega/JetRover/sim/ros2_ws/install/4cm_height_description/share/4cm_height_description/urdf/4cm_height.xacro
[0.674s] -- Up-to-date: /home/mega/JetRover/sim/ros2_ws/install/4cm_height_description/share/4cm_height_description/package.xml
[0.674s] -- Up-to-date: /home/mega/JetRover/sim/ros2_ws/install/4cm_height_description/share/ament_index/resource_index/package_run_dependencies/4cm_height_description
[0.674s] -- Up-to-date: /home/mega/JetRover/sim/ros2_ws/install/4cm_height_description/share/ament_index/resource_index/parent_prefix_path/4cm_height_description
[0.674s] -- Up-to-date: /home/mega/JetRover/sim/ros2_ws/install/4cm_height_description/share/4cm_height_description/environment/ament_prefix_path.sh
[0.674s] -- Up-to-date: /home/mega/JetRover/sim/ros2_ws/install/4cm_height_description/share/4cm_height_description/environment/ament_prefix_path.dsv
[0.674s] -- Up-to-date: /home/mega/JetRover/sim/ros2_ws/install/4cm_height_description/share/4cm_height_description/environment/path.sh
[0.674s] -- Up-to-date: /home/mega/JetRover/sim/ros2_ws/install/4cm_height_description/share/4cm_height_description/environment/path.dsv
[0.674s] -- Up-to-date: /home/mega/JetRover/sim/ros2_ws/install/4cm_height_description/share/4cm_height_description/local_setup.bash
[0.674s] -- Up-to-date: /home/mega/JetRover/sim/ros2_ws/install/4cm_height_description/share/4cm_height_description/local_setup.sh
[0.674s] -- Up-to-date: /home/mega/JetRover/sim/ros2_ws/install/4cm_height_description/share/4cm_height_description/local_setup.zsh
[0.675s] -- Up-to-date: /home/mega/JetRover/sim/ros2_ws/install/4cm_height_description/share/4cm_height_description/local_setup.dsv
[0.675s] -- Up-to-date: /home/mega/JetRover/sim/ros2_ws/install/4cm_height_description/share/4cm_height_description/package.dsv
[0.675s] -- Up-to-date: /home/mega/JetRover/sim/ros2_ws/install/4cm_height_description/share/ament_index/resource_index/packages/4cm_height_description
[0.675s] -- Up-to-date: /home/mega/JetRover/sim/ros2_ws/install/4cm_height_description/share/4cm_height_description/cmake/4cm_height_descriptionConfig.cmake
[0.675s] -- Up-to-date: /home/mega/JetRover/sim/ros2_ws/install/4cm_height_description/share/4cm_height_description/cmake/4cm_height_descriptionConfig-version.cmake
[0.675s] -- Up-to-date: /home/mega/JetRover/sim/ros2_ws/install/4cm_height_description/share/4cm_height_description/package.xml
[0.700s] Invoked command in '/home/mega/JetRover/sim/ros2_ws/build/4cm_height_description' returned '0': /usr/bin/cmake --install /home/mega/JetRover/sim/ros2_ws/build/4cm_height_description
