[0.230s] Invoking command in '/home/mega/JetRover/sim/ros2_ws/build/block_R_description': /usr/bin/cmake /home/mega/JetRover/sim/ros2_ws/src/custom_models/block_R_description -DCATKIN_INSTALL_INTO_PREFIX_ROOT=0 -DCATKIN_SYMLINK_INSTALL=ON -DCMAKE_INSTALL_PREFIX=/home/mega/JetRover/sim/ros2_ws/install/block_R_description
[0.545s] -- Found ament_cmake: 1.3.14 (/opt/ros/humble/share/ament_cmake/cmake)
[0.545s] -- Configuring done
[0.545s] -- Generating done
[0.545s] -- Build files have been written to: /home/mega/JetRover/sim/ros2_ws/build/block_R_description
[0.545s] WARNING: Package name "block_R_description" does not follow the naming conventions. It should start with a lower case letter and only contain lower case letters, digits, underscores, and dashes.
[0.763s] Invoked command in '/home/mega/JetRover/sim/ros2_ws/build/block_R_description' returned '0': /usr/bin/cmake /home/mega/JetRover/sim/ros2_ws/src/custom_models/block_R_description -DCATKIN_INSTALL_INTO_PREFIX_ROOT=0 -DCATKIN_SYMLINK_INSTALL=ON -DCMAKE_INSTALL_PREFIX=/home/mega/JetRover/sim/ros2_ws/install/block_R_description
[0.765s] Invoking command in '/home/mega/JetRover/sim/ros2_ws/build/block_R_description': /usr/bin/cmake --build /home/mega/JetRover/sim/ros2_ws/build/block_R_description -- -j12 -l12
[0.906s] Invoked command in '/home/mega/JetRover/sim/ros2_ws/build/block_R_description' returned '0': /usr/bin/cmake --build /home/mega/JetRover/sim/ros2_ws/build/block_R_description -- -j12 -l12
[0.907s] Invoking command in '/home/mega/JetRover/sim/ros2_ws/build/block_R_description': /usr/bin/cmake --install /home/mega/JetRover/sim/ros2_ws/build/block_R_description
[0.918s] -- Install configuration: ""
[0.919s] -- Up-to-date: /home/mega/JetRover/sim/ros2_ws/install/block_R_description/share/block_R_description/meshes
[0.919s] -- Up-to-date: /home/mega/JetRover/sim/ros2_ws/install/block_R_description/share/block_R_description/meshes/base_link.stl
[0.919s] -- Up-to-date: /home/mega/JetRover/sim/ros2_ws/install/block_R_description/share/block_R_description/urdf
[0.919s] -- Up-to-date: /home/mega/JetRover/sim/ros2_ws/install/block_R_description/share/block_R_description/urdf/block_R.trans
[0.919s] -- Up-to-date: /home/mega/JetRover/sim/ros2_ws/install/block_R_description/share/block_R_description/urdf/materials.xacro
[0.919s] -- Up-to-date: /home/mega/JetRover/sim/ros2_ws/install/block_R_description/share/block_R_description/urdf/block_R.gazebo
[0.919s] -- Up-to-date: /home/mega/JetRover/sim/ros2_ws/install/block_R_description/share/block_R_description/urdf/block_R.xacro
[0.919s] -- Up-to-date: /home/mega/JetRover/sim/ros2_ws/install/block_R_description/share/block_R_description/package.xml
[0.919s] -- Up-to-date: /home/mega/JetRover/sim/ros2_ws/install/block_R_description/share/ament_index/resource_index/package_run_dependencies/block_R_description
[0.920s] -- Up-to-date: /home/mega/JetRover/sim/ros2_ws/install/block_R_description/share/ament_index/resource_index/parent_prefix_path/block_R_description
[0.920s] -- Up-to-date: /home/mega/JetRover/sim/ros2_ws/install/block_R_description/share/block_R_description/environment/ament_prefix_path.sh
[0.920s] -- Installing: /home/mega/JetRover/sim/ros2_ws/install/block_R_description/share/block_R_description/environment/ament_prefix_path.dsv
[0.920s] -- Up-to-date: /home/mega/JetRover/sim/ros2_ws/install/block_R_description/share/block_R_description/environment/path.sh
[0.920s] -- Installing: /home/mega/JetRover/sim/ros2_ws/install/block_R_description/share/block_R_description/environment/path.dsv
[0.920s] -- Up-to-date: /home/mega/JetRover/sim/ros2_ws/install/block_R_description/share/block_R_description/local_setup.bash
[0.920s] -- Up-to-date: /home/mega/JetRover/sim/ros2_ws/install/block_R_description/share/block_R_description/local_setup.sh
[0.920s] -- Up-to-date: /home/mega/JetRover/sim/ros2_ws/install/block_R_description/share/block_R_description/local_setup.zsh
[0.920s] -- Installing: /home/mega/JetRover/sim/ros2_ws/install/block_R_description/share/block_R_description/local_setup.dsv
[0.920s] -- Installing: /home/mega/JetRover/sim/ros2_ws/install/block_R_description/share/block_R_description/package.dsv
[0.921s] -- Up-to-date: /home/mega/JetRover/sim/ros2_ws/install/block_R_description/share/ament_index/resource_index/packages/block_R_description
[0.921s] -- Up-to-date: /home/mega/JetRover/sim/ros2_ws/install/block_R_description/share/block_R_description/cmake/block_R_descriptionConfig.cmake
[0.921s] -- Up-to-date: /home/mega/JetRover/sim/ros2_ws/install/block_R_description/share/block_R_description/cmake/block_R_descriptionConfig-version.cmake
[0.921s] -- Up-to-date: /home/mega/JetRover/sim/ros2_ws/install/block_R_description/share/block_R_description/package.xml
[0.951s] Invoked command in '/home/mega/JetRover/sim/ros2_ws/build/block_R_description' returned '0': /usr/bin/cmake --install /home/mega/JetRover/sim/ros2_ws/build/block_R_description
