[0.239s] Invoking command in '/home/mega/JetRover/sim/ros2_ws/build/4cm_height_description': /usr/bin/cmake /home/mega/JetRover/sim/ros2_ws/src/custom_models/4cm_height_description -DCATKIN_INSTALL_INTO_PREFIX_ROOT=0 -DCATKIN_SYMLINK_INSTALL=ON -DCMAKE_INSTALL_PREFIX=/home/mega/JetRover/sim/ros2_ws/install/4cm_height_description
[0.564s] -- Found ament_cmake: 1.3.14 (/opt/ros/humble/share/ament_cmake/cmake)
[0.564s] -- Configuring done
[0.564s] -- Generating done
[0.564s] -- Build files have been written to: /home/mega/JetRover/sim/ros2_ws/build/4cm_height_description
[0.565s] WARNING: Package name "4cm_height_description" does not follow the naming conventions. It should start with a lower case letter and only contain lower case letters, digits, underscores, and dashes.
[0.773s] Invoked command in '/home/mega/JetRover/sim/ros2_ws/build/4cm_height_description' returned '0': /usr/bin/cmake /home/mega/JetRover/sim/ros2_ws/src/custom_models/4cm_height_description -DCATKIN_INSTALL_INTO_PREFIX_ROOT=0 -DCATKIN_SYMLINK_INSTALL=ON -DCMAKE_INSTALL_PREFIX=/home/mega/JetRover/sim/ros2_ws/install/4cm_height_description
[0.774s] Invoking command in '/home/mega/JetRover/sim/ros2_ws/build/4cm_height_description': /usr/bin/cmake --build /home/mega/JetRover/sim/ros2_ws/build/4cm_height_description -- -j12 -l12
[0.850s] Invoked command in '/home/mega/JetRover/sim/ros2_ws/build/4cm_height_description' returned '0': /usr/bin/cmake --build /home/mega/JetRover/sim/ros2_ws/build/4cm_height_description -- -j12 -l12
[0.852s] Invoking command in '/home/mega/JetRover/sim/ros2_ws/build/4cm_height_description': /usr/bin/cmake --install /home/mega/JetRover/sim/ros2_ws/build/4cm_height_description
[0.874s] -- Install configuration: ""
[0.874s] -- Up-to-date: /home/mega/JetRover/sim/ros2_ws/install/4cm_height_description/share/4cm_height_description/meshes
[0.876s] -- Up-to-date: /home/mega/JetRover/sim/ros2_ws/install/4cm_height_description/share/4cm_height_description/meshes/base_link.stl
[0.877s] -- Up-to-date: /home/mega/JetRover/sim/ros2_ws/install/4cm_height_description/share/4cm_height_description/urdf
[0.877s] -- Up-to-date: /home/mega/JetRover/sim/ros2_ws/install/4cm_height_description/share/4cm_height_description/urdf/materials.xacro
[0.877s] -- Up-to-date: /home/mega/JetRover/sim/ros2_ws/install/4cm_height_description/share/4cm_height_description/urdf/4cm_height.gazebo
[0.877s] -- Up-to-date: /home/mega/JetRover/sim/ros2_ws/install/4cm_height_description/share/4cm_height_description/urdf/4cm_height.trans
[0.877s] -- Up-to-date: /home/mega/JetRover/sim/ros2_ws/install/4cm_height_description/share/4cm_height_description/urdf/4cm_height.xacro
[0.878s] -- Up-to-date: /home/mega/JetRover/sim/ros2_ws/install/4cm_height_description/share/4cm_height_description/package.xml
[0.878s] -- Up-to-date: /home/mega/JetRover/sim/ros2_ws/install/4cm_height_description/share/ament_index/resource_index/package_run_dependencies/4cm_height_description
[0.878s] -- Up-to-date: /home/mega/JetRover/sim/ros2_ws/install/4cm_height_description/share/ament_index/resource_index/parent_prefix_path/4cm_height_description
[0.878s] -- Up-to-date: /home/mega/JetRover/sim/ros2_ws/install/4cm_height_description/share/4cm_height_description/environment/ament_prefix_path.sh
[0.878s] -- Installing: /home/mega/JetRover/sim/ros2_ws/install/4cm_height_description/share/4cm_height_description/environment/ament_prefix_path.dsv
[0.878s] -- Up-to-date: /home/mega/JetRover/sim/ros2_ws/install/4cm_height_description/share/4cm_height_description/environment/path.sh
[0.879s] -- Installing: /home/mega/JetRover/sim/ros2_ws/install/4cm_height_description/share/4cm_height_description/environment/path.dsv
[0.879s] -- Up-to-date: /home/mega/JetRover/sim/ros2_ws/install/4cm_height_description/share/4cm_height_description/local_setup.bash
[0.879s] -- Up-to-date: /home/mega/JetRover/sim/ros2_ws/install/4cm_height_description/share/4cm_height_description/local_setup.sh
[0.879s] -- Up-to-date: /home/mega/JetRover/sim/ros2_ws/install/4cm_height_description/share/4cm_height_description/local_setup.zsh
[0.879s] -- Installing: /home/mega/JetRover/sim/ros2_ws/install/4cm_height_description/share/4cm_height_description/local_setup.dsv
[0.879s] -- Installing: /home/mega/JetRover/sim/ros2_ws/install/4cm_height_description/share/4cm_height_description/package.dsv
[0.880s] -- Up-to-date: /home/mega/JetRover/sim/ros2_ws/install/4cm_height_description/share/ament_index/resource_index/packages/4cm_height_description
[0.880s] -- Up-to-date: /home/mega/JetRover/sim/ros2_ws/install/4cm_height_description/share/4cm_height_description/cmake/4cm_height_descriptionConfig.cmake
[0.880s] -- Up-to-date: /home/mega/JetRover/sim/ros2_ws/install/4cm_height_description/share/4cm_height_description/cmake/4cm_height_descriptionConfig-version.cmake
[0.880s] -- Up-to-date: /home/mega/JetRover/sim/ros2_ws/install/4cm_height_description/share/4cm_height_description/package.xml
[0.916s] Invoked command in '/home/mega/JetRover/sim/ros2_ws/build/4cm_height_description' returned '0': /usr/bin/cmake --install /home/mega/JetRover/sim/ros2_ws/build/4cm_height_description
