running develop
Removing /home/mega/JetRover/sim/ros2_ws/install/robot_gazebo/lib/python3.10/site-packages/robot-gazebo.egg-link (link to .)
running egg_info
writing ../../build/robot_gazebo/robot_gazebo.egg-info/PKG-INFO
writing dependency_links to ../../build/robot_gazebo/robot_gazebo.egg-info/dependency_links.txt
writing entry points to ../../build/robot_gazebo/robot_gazebo.egg-info/entry_points.txt
writing requirements to ../../build/robot_gazebo/robot_gazebo.egg-info/requires.txt
writing top-level names to ../../build/robot_gazebo/robot_gazebo.egg-info/top_level.txt
reading manifest file '../../build/robot_gazebo/robot_gazebo.egg-info/SOURCES.txt'
writing manifest file '../../build/robot_gazebo/robot_gazebo.egg-info/SOURCES.txt'
running build
running build_py
creating /home/mega/JetRover/sim/ros2_ws/build/robot_gazebo/build
creating /home/mega/JetRover/sim/ros2_ws/build/robot_gazebo/build/lib
creating /home/mega/JetRover/sim/ros2_ws/build/robot_gazebo/build/lib/robot_gazebo
copying robot_gazebo/__init__.py -> /home/mega/JetRover/sim/ros2_ws/build/robot_gazebo/build/lib/robot_gazebo
copying robot_gazebo/teleop_key_control.py -> /home/mega/JetRover/sim/ros2_ws/build/robot_gazebo/build/lib/robot_gazebo
copying robot_gazebo/cmd_vel_modifier.py -> /home/mega/JetRover/sim/ros2_ws/build/robot_gazebo/build/lib/robot_gazebo
running install
running install_lib
creating /home/mega/JetRover/sim/ros2_ws/install/robot_gazebo/lib/python3.10/site-packages/robot_gazebo
copying /home/mega/JetRover/sim/ros2_ws/build/robot_gazebo/build/lib/robot_gazebo/__init__.py -> /home/mega/JetRover/sim/ros2_ws/install/robot_gazebo/lib/python3.10/site-packages/robot_gazebo
copying /home/mega/JetRover/sim/ros2_ws/build/robot_gazebo/build/lib/robot_gazebo/teleop_key_control.py -> /home/mega/JetRover/sim/ros2_ws/install/robot_gazebo/lib/python3.10/site-packages/robot_gazebo
copying /home/mega/JetRover/sim/ros2_ws/build/robot_gazebo/build/lib/robot_gazebo/cmd_vel_modifier.py -> /home/mega/JetRover/sim/ros2_ws/install/robot_gazebo/lib/python3.10/site-packages/robot_gazebo
byte-compiling /home/mega/JetRover/sim/ros2_ws/install/robot_gazebo/lib/python3.10/site-packages/robot_gazebo/__init__.py to __init__.cpython-310.pyc
byte-compiling /home/mega/JetRover/sim/ros2_ws/install/robot_gazebo/lib/python3.10/site-packages/robot_gazebo/teleop_key_control.py to teleop_key_control.cpython-310.pyc
byte-compiling /home/mega/JetRover/sim/ros2_ws/install/robot_gazebo/lib/python3.10/site-packages/robot_gazebo/cmd_vel_modifier.py to cmd_vel_modifier.cpython-310.pyc
running install_data
copying resource/robot_gazebo -> /home/mega/JetRover/sim/ros2_ws/install/robot_gazebo/share/ament_index/resource_index/packages
copying package.xml -> /home/mega/JetRover/sim/ros2_ws/install/robot_gazebo/share/robot_gazebo
copying launch/spawn_model.launch.py -> /home/mega/JetRover/sim/ros2_ws/install/robot_gazebo/share/robot_gazebo/launch
copying launch/worlds.launch.py -> /home/mega/JetRover/sim/ros2_ws/install/robot_gazebo/share/robot_gazebo/launch
copying launch/room_worlds.launch.py -> /home/mega/JetRover/sim/ros2_ws/install/robot_gazebo/share/robot_gazebo/launch
copying launch/spawn_objects.launch.py -> /home/mega/JetRover/sim/ros2_ws/install/robot_gazebo/share/robot_gazebo/launch
copying launch/ros_ign_bridge.launch.py -> /home/mega/JetRover/sim/ros2_ws/install/robot_gazebo/share/robot_gazebo/launch
copying urdf/lidar.gazebo.xacro -> /home/mega/JetRover/sim/ros2_ws/install/robot_gazebo/share/robot_gazebo/urdf
copying urdf/camera.gazebo.xacro -> /home/mega/JetRover/sim/ros2_ws/install/robot_gazebo/share/robot_gazebo/urdf
copying urdf/jetrover.gazebo.xacro -> /home/mega/JetRover/sim/ros2_ws/install/robot_gazebo/share/robot_gazebo/urdf
copying urdf/wheel_base.urdf.xacro -> /home/mega/JetRover/sim/ros2_ws/install/robot_gazebo/share/robot_gazebo/urdf
copying urdf/robot.gazebo.xacro -> /home/mega/JetRover/sim/ros2_ws/install/robot_gazebo/share/robot_gazebo/urdf
copying urdf/imu.gazebo.xacro -> /home/mega/JetRover/sim/ros2_ws/install/robot_gazebo/share/robot_gazebo/urdf
copying config/nav2_params.yaml -> /home/mega/JetRover/sim/ros2_ws/install/robot_gazebo/share/robot_gazebo/config
copying config/slam.yaml -> /home/mega/JetRover/sim/ros2_ws/install/robot_gazebo/share/robot_gazebo/config
copying config/nav2_controller_teb.yaml -> /home/mega/JetRover/sim/ros2_ws/install/robot_gazebo/share/robot_gazebo/config
copying config/localization.yaml -> /home/mega/JetRover/sim/ros2_ws/install/robot_gazebo/share/robot_gazebo/config
copying config/nav2_controller_dwb.yaml -> /home/mega/JetRover/sim/ros2_ws/install/robot_gazebo/share/robot_gazebo/config
copying config/robot_config.yaml -> /home/mega/JetRover/sim/ros2_ws/install/robot_gazebo/share/robot_gazebo/config
copying worlds/empty.sdf -> /home/mega/JetRover/sim/ros2_ws/install/robot_gazebo/share/robot_gazebo/worlds
copying worlds/robocup_home.sdf -> /home/mega/JetRover/sim/ros2_ws/install/robot_gazebo/share/robot_gazebo/worlds
copying rviz/nav_nav2.rviz -> /home/mega/JetRover/sim/ros2_ws/install/robot_gazebo/share/robot_gazebo/rviz
copying rviz/slam.rviz -> /home/mega/JetRover/sim/ros2_ws/install/robot_gazebo/share/robot_gazebo/rviz
copying maps/map_01.yaml -> /home/mega/JetRover/sim/ros2_ws/install/robot_gazebo/share/robot_gazebo/maps
copying maps/map_01.pgm -> /home/mega/JetRover/sim/ros2_ws/install/robot_gazebo/share/robot_gazebo/maps
copying launch/include/slam.launch.py -> /home/mega/JetRover/sim/ros2_ws/install/robot_gazebo/share/robot_gazebo/launch/include
copying launch/include/navigation.launch.py -> /home/mega/JetRover/sim/ros2_ws/install/robot_gazebo/share/robot_gazebo/launch/include
copying launch/include/localization.launch.py -> /home/mega/JetRover/sim/ros2_ws/install/robot_gazebo/share/robot_gazebo/launch/include
copying meshes/tea_table.dae -> /home/mega/JetRover/sim/ros2_ws/install/robot_gazebo/share/robot_gazebo/meshes
copying meshes/sofa.dae -> /home/mega/JetRover/sim/ros2_ws/install/robot_gazebo/share/robot_gazebo/meshes
copying meshes/bookshelft.dae -> /home/mega/JetRover/sim/ros2_ws/install/robot_gazebo/share/robot_gazebo/meshes
copying meshes/bed.dae -> /home/mega/JetRover/sim/ros2_ws/install/robot_gazebo/share/robot_gazebo/meshes
copying meshes/chair.dae -> /home/mega/JetRover/sim/ros2_ws/install/robot_gazebo/share/robot_gazebo/meshes
copying meshes/bottle.stl -> /home/mega/JetRover/sim/ros2_ws/install/robot_gazebo/share/robot_gazebo/meshes
copying meshes/cupboard.dae -> /home/mega/JetRover/sim/ros2_ws/install/robot_gazebo/share/robot_gazebo/meshes
copying meshes/table.dae -> /home/mega/JetRover/sim/ros2_ws/install/robot_gazebo/share/robot_gazebo/meshes
copying meshes/bed/Carpet_Pattern_Squares_Multi.jpg -> /home/mega/JetRover/sim/ros2_ws/install/robot_gazebo/share/robot_gazebo/meshes/bed
copying meshes/bed/Wood_Bamboo.jpg -> /home/mega/JetRover/sim/ros2_ws/install/robot_gazebo/share/robot_gazebo/meshes/bed
copying meshes/bookshelft/Wood_Veneer_02.jpg -> /home/mega/JetRover/sim/ros2_ws/install/robot_gazebo/share/robot_gazebo/meshes/bookshelft
copying meshes/chair/Wood_Cherry_Original.jpg -> /home/mega/JetRover/sim/ros2_ws/install/robot_gazebo/share/robot_gazebo/meshes/chair
copying meshes/cupboard/Wood_Veneer_02.jpg -> /home/mega/JetRover/sim/ros2_ws/install/robot_gazebo/share/robot_gazebo/meshes/cupboard
copying meshes/sofa/Carpet_Loop_Pattern.jpg -> /home/mega/JetRover/sim/ros2_ws/install/robot_gazebo/share/robot_gazebo/meshes/sofa
copying meshes/tea_table/Wood_Cherry_Original.jpg -> /home/mega/JetRover/sim/ros2_ws/install/robot_gazebo/share/robot_gazebo/meshes/table
copying meshes/tea_table/Wood_Cherry_Original.jpg -> /home/mega/JetRover/sim/ros2_ws/install/robot_gazebo/share/robot_gazebo/meshes/tea_table
copying meshes/wpr1/forearm.dae -> /home/mega/JetRover/sim/ros2_ws/install/robot_gazebo/share/robot_gazebo/meshes/wpr1
copying meshes/wpr1/palm.dae -> /home/mega/JetRover/sim/ros2_ws/install/robot_gazebo/share/robot_gazebo/meshes/wpr1
copying meshes/wpr1/upperarm.dae -> /home/mega/JetRover/sim/ros2_ws/install/robot_gazebo/share/robot_gazebo/meshes/wpr1
copying meshes/wpr1/base.dae -> /home/mega/JetRover/sim/ros2_ws/install/robot_gazebo/share/robot_gazebo/meshes/wpr1
copying meshes/wpr1/fingertip.dae -> /home/mega/JetRover/sim/ros2_ws/install/robot_gazebo/share/robot_gazebo/meshes/wpr1
copying meshes/wpr1/torso.dae -> /home/mega/JetRover/sim/ros2_ws/install/robot_gazebo/share/robot_gazebo/meshes/wpr1
copying meshes/wpr1/finger.dae -> /home/mega/JetRover/sim/ros2_ws/install/robot_gazebo/share/robot_gazebo/meshes/wpr1
copying models/sofa.model -> /home/mega/JetRover/sim/ros2_ws/install/robot_gazebo/share/robot_gazebo/models
copying models/bed.model -> /home/mega/JetRover/sim/ros2_ws/install/robot_gazebo/share/robot_gazebo/models
copying models/kai_standing.model -> /home/mega/JetRover/sim/ros2_ws/install/robot_gazebo/share/robot_gazebo/models
copying models/tea_table.model -> /home/mega/JetRover/sim/ros2_ws/install/robot_gazebo/share/robot_gazebo/models
copying models/bookshelft.model -> /home/mega/JetRover/sim/ros2_ws/install/robot_gazebo/share/robot_gazebo/models
copying models/bottles/green_bottle.model -> /home/mega/JetRover/sim/ros2_ws/install/robot_gazebo/share/robot_gazebo/models/bottles
copying models/bottles/red_bottle.model -> /home/mega/JetRover/sim/ros2_ws/install/robot_gazebo/share/robot_gazebo/models/bottles
copying models/cupboard/cupboard_0.model -> /home/mega/JetRover/sim/ros2_ws/install/robot_gazebo/share/robot_gazebo/models/cupboard
copying models/cupboard/cupboard_1.model -> /home/mega/JetRover/sim/ros2_ws/install/robot_gazebo/share/robot_gazebo/models/cupboard
copying models/table/dinning_table_1.model -> /home/mega/JetRover/sim/ros2_ws/install/robot_gazebo/share/robot_gazebo/models/table
copying models/table/dinning_table_3.model -> /home/mega/JetRover/sim/ros2_ws/install/robot_gazebo/share/robot_gazebo/models/table
copying models/table/dinning_table_0.model -> /home/mega/JetRover/sim/ros2_ws/install/robot_gazebo/share/robot_gazebo/models/table
copying models/table/kitchen_table.model -> /home/mega/JetRover/sim/ros2_ws/install/robot_gazebo/share/robot_gazebo/models/table
copying models/table/dinning_table_2.model -> /home/mega/JetRover/sim/ros2_ws/install/robot_gazebo/share/robot_gazebo/models/table
copying models/chair/chair_3.model -> /home/mega/JetRover/sim/ros2_ws/install/robot_gazebo/share/robot_gazebo/models/chair
copying models/chair/chair_1.model -> /home/mega/JetRover/sim/ros2_ws/install/robot_gazebo/share/robot_gazebo/models/chair
copying models/chair/chair_2.model -> /home/mega/JetRover/sim/ros2_ws/install/robot_gazebo/share/robot_gazebo/models/chair
copying models/chair/chair_0.model -> /home/mega/JetRover/sim/ros2_ws/install/robot_gazebo/share/robot_gazebo/models/chair
running install_egg_info
Copying ../../build/robot_gazebo/robot_gazebo.egg-info to /home/mega/JetRover/sim/ros2_ws/install/robot_gazebo/lib/python3.10/site-packages/robot_gazebo-0.0.0-py3.10.egg-info
running install_scripts
Installing teleop_key_control script to /home/mega/JetRover/sim/ros2_ws/install/robot_gazebo/lib/robot_gazebo
writing list of installed files to '/home/mega/JetRover/sim/ros2_ws/build/robot_gazebo/install.log'
