[1.209s] Invoking command in '/home/mega/JetRover/sim/ros2_ws/build/robot_gazebo': PYTHONPATH=/home/mega/JetRover/sim/ros2_ws/build/robot_gazebo/prefix_override:/usr/lib/python3/dist-packages/colcon_core/task/python/colcon_distutils_commands:/home/mega/JetRover/sim/ros2_ws/install/robot_gazebo/lib/python3.10/site-packages:${PYTHONPATH} /usr/bin/python3 -W ignore:setup.py install is deprecated -W ignore:easy_install command is deprecated setup.py develop --uninstall --editable --build-directory /home/mega/JetRover/sim/ros2_ws/build/robot_gazebo/build
[1.462s] running develop
[1.623s] Removing /home/mega/JetRover/sim/ros2_ws/install/robot_gazebo/lib/python3.10/site-packages/robot-gazebo.egg-link (link to .)
[1.657s] Invoked command in '/home/mega/JetRover/sim/ros2_ws/build/robot_gazebo' returned '0': PYTHONPATH=/home/mega/JetRover/sim/ros2_ws/build/robot_gazebo/prefix_override:/usr/lib/python3/dist-packages/colcon_core/task/python/colcon_distutils_commands:/home/mega/JetRover/sim/ros2_ws/install/robot_gazebo/lib/python3.10/site-packages:${PYTHONPATH} /usr/bin/python3 -W ignore:setup.py install is deprecated -W ignore:easy_install command is deprecated setup.py develop --uninstall --editable --build-directory /home/mega/JetRover/sim/ros2_ws/build/robot_gazebo/build
[1.659s] Invoking command in '/home/mega/JetRover/sim/ros2_ws/src/robot_gazebo': PYTHONPATH=/home/mega/JetRover/sim/ros2_ws/build/robot_gazebo/prefix_override:/usr/lib/python3/dist-packages/colcon_core/task/python/colcon_distutils_commands:/home/mega/JetRover/sim/ros2_ws/install/robot_gazebo/lib/python3.10/site-packages:${PYTHONPATH} /usr/bin/python3 -W ignore:setup.py install is deprecated -W ignore:easy_install command is deprecated setup.py egg_info --egg-base ../../build/robot_gazebo build --build-base /home/mega/JetRover/sim/ros2_ws/build/robot_gazebo/build install --record /home/mega/JetRover/sim/ros2_ws/build/robot_gazebo/install.log --single-version-externally-managed install_data --force
[1.879s] running egg_info
[1.880s] writing ../../build/robot_gazebo/robot_gazebo.egg-info/PKG-INFO
[1.880s] writing dependency_links to ../../build/robot_gazebo/robot_gazebo.egg-info/dependency_links.txt
[1.880s] writing entry points to ../../build/robot_gazebo/robot_gazebo.egg-info/entry_points.txt
[1.880s] writing requirements to ../../build/robot_gazebo/robot_gazebo.egg-info/requires.txt
[1.880s] writing top-level names to ../../build/robot_gazebo/robot_gazebo.egg-info/top_level.txt
[1.883s] reading manifest file '../../build/robot_gazebo/robot_gazebo.egg-info/SOURCES.txt'
[1.884s] writing manifest file '../../build/robot_gazebo/robot_gazebo.egg-info/SOURCES.txt'
[1.885s] running build
[1.885s] running build_py
[1.886s] creating /home/mega/JetRover/sim/ros2_ws/build/robot_gazebo/build
[1.886s] creating /home/mega/JetRover/sim/ros2_ws/build/robot_gazebo/build/lib
[1.886s] creating /home/mega/JetRover/sim/ros2_ws/build/robot_gazebo/build/lib/robot_gazebo
[1.886s] copying robot_gazebo/__init__.py -> /home/mega/JetRover/sim/ros2_ws/build/robot_gazebo/build/lib/robot_gazebo
[1.886s] copying robot_gazebo/teleop_key_control.py -> /home/mega/JetRover/sim/ros2_ws/build/robot_gazebo/build/lib/robot_gazebo
[1.886s] copying robot_gazebo/cmd_vel_modifier.py -> /home/mega/JetRover/sim/ros2_ws/build/robot_gazebo/build/lib/robot_gazebo
[1.887s] running install
[1.887s] running install_lib
[1.888s] creating /home/mega/JetRover/sim/ros2_ws/install/robot_gazebo/lib/python3.10/site-packages/robot_gazebo
[1.888s] copying /home/mega/JetRover/sim/ros2_ws/build/robot_gazebo/build/lib/robot_gazebo/__init__.py -> /home/mega/JetRover/sim/ros2_ws/install/robot_gazebo/lib/python3.10/site-packages/robot_gazebo
[1.888s] copying /home/mega/JetRover/sim/ros2_ws/build/robot_gazebo/build/lib/robot_gazebo/teleop_key_control.py -> /home/mega/JetRover/sim/ros2_ws/install/robot_gazebo/lib/python3.10/site-packages/robot_gazebo
[1.888s] copying /home/mega/JetRover/sim/ros2_ws/build/robot_gazebo/build/lib/robot_gazebo/cmd_vel_modifier.py -> /home/mega/JetRover/sim/ros2_ws/install/robot_gazebo/lib/python3.10/site-packages/robot_gazebo
[1.889s] byte-compiling /home/mega/JetRover/sim/ros2_ws/install/robot_gazebo/lib/python3.10/site-packages/robot_gazebo/__init__.py to __init__.cpython-310.pyc
[1.889s] byte-compiling /home/mega/JetRover/sim/ros2_ws/install/robot_gazebo/lib/python3.10/site-packages/robot_gazebo/teleop_key_control.py to teleop_key_control.cpython-310.pyc
[1.889s] byte-compiling /home/mega/JetRover/sim/ros2_ws/install/robot_gazebo/lib/python3.10/site-packages/robot_gazebo/cmd_vel_modifier.py to cmd_vel_modifier.cpython-310.pyc
[1.890s] running install_data
[1.890s] copying resource/robot_gazebo -> /home/mega/JetRover/sim/ros2_ws/install/robot_gazebo/share/ament_index/resource_index/packages
[1.890s] copying package.xml -> /home/mega/JetRover/sim/ros2_ws/install/robot_gazebo/share/robot_gazebo
[1.890s] copying launch/spawn_model.launch.py -> /home/mega/JetRover/sim/ros2_ws/install/robot_gazebo/share/robot_gazebo/launch
[1.891s] copying launch/worlds.launch.py -> /home/mega/JetRover/sim/ros2_ws/install/robot_gazebo/share/robot_gazebo/launch
[1.891s] copying launch/room_worlds.launch.py -> /home/mega/JetRover/sim/ros2_ws/install/robot_gazebo/share/robot_gazebo/launch
[1.891s] copying launch/spawn_objects.launch.py -> /home/mega/JetRover/sim/ros2_ws/install/robot_gazebo/share/robot_gazebo/launch
[1.891s] copying launch/ros_ign_bridge.launch.py -> /home/mega/JetRover/sim/ros2_ws/install/robot_gazebo/share/robot_gazebo/launch
[1.892s] copying urdf/lidar.gazebo.xacro -> /home/mega/JetRover/sim/ros2_ws/install/robot_gazebo/share/robot_gazebo/urdf
[1.892s] copying urdf/camera.gazebo.xacro -> /home/mega/JetRover/sim/ros2_ws/install/robot_gazebo/share/robot_gazebo/urdf
[1.892s] copying urdf/jetrover.gazebo.xacro -> /home/mega/JetRover/sim/ros2_ws/install/robot_gazebo/share/robot_gazebo/urdf
[1.892s] copying urdf/wheel_base.urdf.xacro -> /home/mega/JetRover/sim/ros2_ws/install/robot_gazebo/share/robot_gazebo/urdf
[1.892s] copying urdf/robot.gazebo.xacro -> /home/mega/JetRover/sim/ros2_ws/install/robot_gazebo/share/robot_gazebo/urdf
[1.892s] copying urdf/imu.gazebo.xacro -> /home/mega/JetRover/sim/ros2_ws/install/robot_gazebo/share/robot_gazebo/urdf
[1.893s] copying config/nav2_params.yaml -> /home/mega/JetRover/sim/ros2_ws/install/robot_gazebo/share/robot_gazebo/config
[1.893s] copying config/slam.yaml -> /home/mega/JetRover/sim/ros2_ws/install/robot_gazebo/share/robot_gazebo/config
[1.893s] copying config/nav2_controller_teb.yaml -> /home/mega/JetRover/sim/ros2_ws/install/robot_gazebo/share/robot_gazebo/config
[1.893s] copying config/localization.yaml -> /home/mega/JetRover/sim/ros2_ws/install/robot_gazebo/share/robot_gazebo/config
[1.894s] copying config/nav2_controller_dwb.yaml -> /home/mega/JetRover/sim/ros2_ws/install/robot_gazebo/share/robot_gazebo/config
[1.894s] copying config/robot_config.yaml -> /home/mega/JetRover/sim/ros2_ws/install/robot_gazebo/share/robot_gazebo/config
[1.894s] copying worlds/empty.sdf -> /home/mega/JetRover/sim/ros2_ws/install/robot_gazebo/share/robot_gazebo/worlds
[1.894s] copying worlds/robocup_home.sdf -> /home/mega/JetRover/sim/ros2_ws/install/robot_gazebo/share/robot_gazebo/worlds
[1.895s] copying rviz/nav_nav2.rviz -> /home/mega/JetRover/sim/ros2_ws/install/robot_gazebo/share/robot_gazebo/rviz
[1.895s] copying rviz/slam.rviz -> /home/mega/JetRover/sim/ros2_ws/install/robot_gazebo/share/robot_gazebo/rviz
[1.895s] copying maps/map_01.yaml -> /home/mega/JetRover/sim/ros2_ws/install/robot_gazebo/share/robot_gazebo/maps
[1.895s] copying maps/map_01.pgm -> /home/mega/JetRover/sim/ros2_ws/install/robot_gazebo/share/robot_gazebo/maps
[1.896s] copying launch/include/slam.launch.py -> /home/mega/JetRover/sim/ros2_ws/install/robot_gazebo/share/robot_gazebo/launch/include
[1.896s] copying launch/include/navigation.launch.py -> /home/mega/JetRover/sim/ros2_ws/install/robot_gazebo/share/robot_gazebo/launch/include
[1.897s] copying launch/include/localization.launch.py -> /home/mega/JetRover/sim/ros2_ws/install/robot_gazebo/share/robot_gazebo/launch/include
[1.897s] copying meshes/tea_table.dae -> /home/mega/JetRover/sim/ros2_ws/install/robot_gazebo/share/robot_gazebo/meshes
[1.898s] copying meshes/sofa.dae -> /home/mega/JetRover/sim/ros2_ws/install/robot_gazebo/share/robot_gazebo/meshes
[1.899s] copying meshes/bookshelft.dae -> /home/mega/JetRover/sim/ros2_ws/install/robot_gazebo/share/robot_gazebo/meshes
[1.900s] copying meshes/bed.dae -> /home/mega/JetRover/sim/ros2_ws/install/robot_gazebo/share/robot_gazebo/meshes
[1.900s] copying meshes/chair.dae -> /home/mega/JetRover/sim/ros2_ws/install/robot_gazebo/share/robot_gazebo/meshes
[1.901s] copying meshes/bottle.stl -> /home/mega/JetRover/sim/ros2_ws/install/robot_gazebo/share/robot_gazebo/meshes
[1.901s] copying meshes/cupboard.dae -> /home/mega/JetRover/sim/ros2_ws/install/robot_gazebo/share/robot_gazebo/meshes
[1.902s] copying meshes/table.dae -> /home/mega/JetRover/sim/ros2_ws/install/robot_gazebo/share/robot_gazebo/meshes
[1.903s] copying meshes/bed/Carpet_Pattern_Squares_Multi.jpg -> /home/mega/JetRover/sim/ros2_ws/install/robot_gazebo/share/robot_gazebo/meshes/bed
[1.903s] copying meshes/bed/Wood_Bamboo.jpg -> /home/mega/JetRover/sim/ros2_ws/install/robot_gazebo/share/robot_gazebo/meshes/bed
[1.903s] copying meshes/bookshelft/Wood_Veneer_02.jpg -> /home/mega/JetRover/sim/ros2_ws/install/robot_gazebo/share/robot_gazebo/meshes/bookshelft
[1.904s] copying meshes/chair/Wood_Cherry_Original.jpg -> /home/mega/JetRover/sim/ros2_ws/install/robot_gazebo/share/robot_gazebo/meshes/chair
[1.904s] copying meshes/cupboard/Wood_Veneer_02.jpg -> /home/mega/JetRover/sim/ros2_ws/install/robot_gazebo/share/robot_gazebo/meshes/cupboard
[1.904s] copying meshes/sofa/Carpet_Loop_Pattern.jpg -> /home/mega/JetRover/sim/ros2_ws/install/robot_gazebo/share/robot_gazebo/meshes/sofa
[1.905s] copying meshes/tea_table/Wood_Cherry_Original.jpg -> /home/mega/JetRover/sim/ros2_ws/install/robot_gazebo/share/robot_gazebo/meshes/table
[1.905s] copying meshes/tea_table/Wood_Cherry_Original.jpg -> /home/mega/JetRover/sim/ros2_ws/install/robot_gazebo/share/robot_gazebo/meshes/tea_table
[1.905s] copying meshes/wpr1/forearm.dae -> /home/mega/JetRover/sim/ros2_ws/install/robot_gazebo/share/robot_gazebo/meshes/wpr1
[1.907s] copying meshes/wpr1/palm.dae -> /home/mega/JetRover/sim/ros2_ws/install/robot_gazebo/share/robot_gazebo/meshes/wpr1
[1.911s] copying meshes/wpr1/upperarm.dae -> /home/mega/JetRover/sim/ros2_ws/install/robot_gazebo/share/robot_gazebo/meshes/wpr1
[1.915s] copying meshes/wpr1/base.dae -> /home/mega/JetRover/sim/ros2_ws/install/robot_gazebo/share/robot_gazebo/meshes/wpr1
[1.921s] copying meshes/wpr1/fingertip.dae -> /home/mega/JetRover/sim/ros2_ws/install/robot_gazebo/share/robot_gazebo/meshes/wpr1
[1.921s] copying meshes/wpr1/torso.dae -> /home/mega/JetRover/sim/ros2_ws/install/robot_gazebo/share/robot_gazebo/meshes/wpr1
[1.931s] copying meshes/wpr1/finger.dae -> /home/mega/JetRover/sim/ros2_ws/install/robot_gazebo/share/robot_gazebo/meshes/wpr1
[1.935s] copying models/sofa.model -> /home/mega/JetRover/sim/ros2_ws/install/robot_gazebo/share/robot_gazebo/models
[1.935s] copying models/bed.model -> /home/mega/JetRover/sim/ros2_ws/install/robot_gazebo/share/robot_gazebo/models
[1.935s] copying models/kai_standing.model -> /home/mega/JetRover/sim/ros2_ws/install/robot_gazebo/share/robot_gazebo/models
[1.935s] copying models/tea_table.model -> /home/mega/JetRover/sim/ros2_ws/install/robot_gazebo/share/robot_gazebo/models
[1.936s] copying models/bookshelft.model -> /home/mega/JetRover/sim/ros2_ws/install/robot_gazebo/share/robot_gazebo/models
[1.936s] copying models/bottles/green_bottle.model -> /home/mega/JetRover/sim/ros2_ws/install/robot_gazebo/share/robot_gazebo/models/bottles
[1.936s] copying models/bottles/red_bottle.model -> /home/mega/JetRover/sim/ros2_ws/install/robot_gazebo/share/robot_gazebo/models/bottles
[1.937s] copying models/cupboard/cupboard_0.model -> /home/mega/JetRover/sim/ros2_ws/install/robot_gazebo/share/robot_gazebo/models/cupboard
[1.937s] copying models/cupboard/cupboard_1.model -> /home/mega/JetRover/sim/ros2_ws/install/robot_gazebo/share/robot_gazebo/models/cupboard
[1.937s] copying models/table/dinning_table_1.model -> /home/mega/JetRover/sim/ros2_ws/install/robot_gazebo/share/robot_gazebo/models/table
[1.937s] copying models/table/dinning_table_3.model -> /home/mega/JetRover/sim/ros2_ws/install/robot_gazebo/share/robot_gazebo/models/table
[1.938s] copying models/table/dinning_table_0.model -> /home/mega/JetRover/sim/ros2_ws/install/robot_gazebo/share/robot_gazebo/models/table
[1.938s] copying models/table/kitchen_table.model -> /home/mega/JetRover/sim/ros2_ws/install/robot_gazebo/share/robot_gazebo/models/table
[1.938s] copying models/table/dinning_table_2.model -> /home/mega/JetRover/sim/ros2_ws/install/robot_gazebo/share/robot_gazebo/models/table
[1.938s] copying models/chair/chair_3.model -> /home/mega/JetRover/sim/ros2_ws/install/robot_gazebo/share/robot_gazebo/models/chair
[1.938s] copying models/chair/chair_1.model -> /home/mega/JetRover/sim/ros2_ws/install/robot_gazebo/share/robot_gazebo/models/chair
[1.939s] copying models/chair/chair_2.model -> /home/mega/JetRover/sim/ros2_ws/install/robot_gazebo/share/robot_gazebo/models/chair
[1.939s] copying models/chair/chair_0.model -> /home/mega/JetRover/sim/ros2_ws/install/robot_gazebo/share/robot_gazebo/models/chair
[1.939s] running install_egg_info
[1.941s] Copying ../../build/robot_gazebo/robot_gazebo.egg-info to /home/mega/JetRover/sim/ros2_ws/install/robot_gazebo/lib/python3.10/site-packages/robot_gazebo-0.0.0-py3.10.egg-info
[1.942s] running install_scripts
[1.959s] Installing teleop_key_control script to /home/mega/JetRover/sim/ros2_ws/install/robot_gazebo/lib/robot_gazebo
[1.960s] writing list of installed files to '/home/mega/JetRover/sim/ros2_ws/build/robot_gazebo/install.log'
[1.985s] Invoked command in '/home/mega/JetRover/sim/ros2_ws/src/robot_gazebo' returned '0': PYTHONPATH=/home/mega/JetRover/sim/ros2_ws/build/robot_gazebo/prefix_override:/usr/lib/python3/dist-packages/colcon_core/task/python/colcon_distutils_commands:/home/mega/JetRover/sim/ros2_ws/install/robot_gazebo/lib/python3.10/site-packages:${PYTHONPATH} /usr/bin/python3 -W ignore:setup.py install is deprecated -W ignore:easy_install command is deprecated setup.py egg_info --egg-base ../../build/robot_gazebo build --build-base /home/mega/JetRover/sim/ros2_ws/build/robot_gazebo/build install --record /home/mega/JetRover/sim/ros2_ws/build/robot_gazebo/install.log --single-version-externally-managed install_data --force
