-- Found ament_cmake: 1.3.14 (/opt/ros/humble/share/ament_cmake/cmake)
-- Configuring done
-- Generating done
-- Build files have been written to: /home/mega/JetRover/sim/ros2_ws/build/block_A_description
WARNING: Package name "block_A_description" does not follow the naming conventions. It should start with a lower case letter and only contain lower case letters, digits, underscores, and dashes.
-- Install configuration: ""
-- Up-to-date: /home/mega/JetRover/sim/ros2_ws/install/block_A_description/share/block_A_description/meshes
-- Up-to-date: /home/mega/JetRover/sim/ros2_ws/install/block_A_description/share/block_A_description/meshes/base_link.stl
-- Up-to-date: /home/mega/JetRover/sim/ros2_ws/install/block_A_description/share/block_A_description/urdf
-- Up-to-date: /home/mega/JetRover/sim/ros2_ws/install/block_A_description/share/block_A_description/urdf/materials.xacro
-- Up-to-date: /home/mega/JetRover/sim/ros2_ws/install/block_A_description/share/block_A_description/urdf/block_A.trans
-- Up-to-date: /home/mega/JetRover/sim/ros2_ws/install/block_A_description/share/block_A_description/urdf/block_A.gazebo
-- Up-to-date: /home/mega/JetRover/sim/ros2_ws/install/block_A_description/share/block_A_description/urdf/block_A.xacro
-- Up-to-date: /home/mega/JetRover/sim/ros2_ws/install/block_A_description/share/block_A_description/package.xml
-- Up-to-date: /home/mega/JetRover/sim/ros2_ws/install/block_A_description/share/ament_index/resource_index/package_run_dependencies/block_A_description
-- Installing: /home/mega/JetRover/sim/ros2_ws/install/block_A_description/share/ament_index/resource_index/parent_prefix_path/block_A_description
-- Up-to-date: /home/mega/JetRover/sim/ros2_ws/install/block_A_description/share/block_A_description/environment/ament_prefix_path.sh
-- Installing: /home/mega/JetRover/sim/ros2_ws/install/block_A_description/share/block_A_description/environment/ament_prefix_path.dsv
-- Up-to-date: /home/mega/JetRover/sim/ros2_ws/install/block_A_description/share/block_A_description/environment/path.sh
-- Installing: /home/mega/JetRover/sim/ros2_ws/install/block_A_description/share/block_A_description/environment/path.dsv
-- Up-to-date: /home/mega/JetRover/sim/ros2_ws/install/block_A_description/share/block_A_description/local_setup.bash
-- Up-to-date: /home/mega/JetRover/sim/ros2_ws/install/block_A_description/share/block_A_description/local_setup.sh
-- Up-to-date: /home/mega/JetRover/sim/ros2_ws/install/block_A_description/share/block_A_description/local_setup.zsh
-- Installing: /home/mega/JetRover/sim/ros2_ws/install/block_A_description/share/block_A_description/local_setup.dsv
-- Installing: /home/mega/JetRover/sim/ros2_ws/install/block_A_description/share/block_A_description/package.dsv
-- Up-to-date: /home/mega/JetRover/sim/ros2_ws/install/block_A_description/share/ament_index/resource_index/packages/block_A_description
-- Up-to-date: /home/mega/JetRover/sim/ros2_ws/install/block_A_description/share/block_A_description/cmake/block_A_descriptionConfig.cmake
-- Up-to-date: /home/mega/JetRover/sim/ros2_ws/install/block_A_description/share/block_A_description/cmake/block_A_descriptionConfig-version.cmake
-- Up-to-date: /home/mega/JetRover/sim/ros2_ws/install/block_A_description/share/block_A_description/package.xml
