[0.235s] Invoking command in '/home/mega/JetRover/sim/ros2_ws/build/block_A_description': /usr/bin/cmake /home/mega/JetRover/sim/ros2_ws/src/custom_models/block_A_description -DCATKIN_INSTALL_INTO_PREFIX_ROOT=0 -DCMAKE_INSTALL_PREFIX=/home/mega/JetRover/sim/ros2_ws/install/block_A_description
[0.558s] -- Found ament_cmake: 1.3.14 (/opt/ros/humble/share/ament_cmake/cmake)
[0.558s] -- Configuring done
[0.559s] -- Generating done
[0.559s] -- Build files have been written to: /home/mega/JetRover/sim/ros2_ws/build/block_A_description
[0.559s] WARNING: Package name "block_A_description" does not follow the naming conventions. It should start with a lower case letter and only contain lower case letters, digits, underscores, and dashes.
[0.800s] Invoked command in '/home/mega/JetRover/sim/ros2_ws/build/block_A_description' returned '0': /usr/bin/cmake /home/mega/JetRover/sim/ros2_ws/src/custom_models/block_A_description -DCATKIN_INSTALL_INTO_PREFIX_ROOT=0 -DCMAKE_INSTALL_PREFIX=/home/mega/JetRover/sim/ros2_ws/install/block_A_description
[0.801s] Invoking command in '/home/mega/JetRover/sim/ros2_ws/build/block_A_description': /usr/bin/cmake --build /home/mega/JetRover/sim/ros2_ws/build/block_A_description -- -j12 -l12
[0.876s] Invoked command in '/home/mega/JetRover/sim/ros2_ws/build/block_A_description' returned '0': /usr/bin/cmake --build /home/mega/JetRover/sim/ros2_ws/build/block_A_description -- -j12 -l12
[0.878s] Invoking command in '/home/mega/JetRover/sim/ros2_ws/build/block_A_description': /usr/bin/cmake --install /home/mega/JetRover/sim/ros2_ws/build/block_A_description
[0.932s] -- Install configuration: ""
[0.932s] -- Up-to-date: /home/mega/JetRover/sim/ros2_ws/install/block_A_description/share/block_A_description/meshes
[0.932s] -- Up-to-date: /home/mega/JetRover/sim/ros2_ws/install/block_A_description/share/block_A_description/meshes/base_link.stl
[0.932s] -- Up-to-date: /home/mega/JetRover/sim/ros2_ws/install/block_A_description/share/block_A_description/urdf
[0.932s] -- Up-to-date: /home/mega/JetRover/sim/ros2_ws/install/block_A_description/share/block_A_description/urdf/materials.xacro
[0.932s] -- Up-to-date: /home/mega/JetRover/sim/ros2_ws/install/block_A_description/share/block_A_description/urdf/block_A.trans
[0.932s] -- Up-to-date: /home/mega/JetRover/sim/ros2_ws/install/block_A_description/share/block_A_description/urdf/block_A.gazebo
[0.932s] -- Up-to-date: /home/mega/JetRover/sim/ros2_ws/install/block_A_description/share/block_A_description/urdf/block_A.xacro
[0.933s] -- Up-to-date: /home/mega/JetRover/sim/ros2_ws/install/block_A_description/share/block_A_description/package.xml
[0.933s] -- Up-to-date: /home/mega/JetRover/sim/ros2_ws/install/block_A_description/share/ament_index/resource_index/package_run_dependencies/block_A_description
[0.933s] -- Installing: /home/mega/JetRover/sim/ros2_ws/install/block_A_description/share/ament_index/resource_index/parent_prefix_path/block_A_description
[0.933s] -- Up-to-date: /home/mega/JetRover/sim/ros2_ws/install/block_A_description/share/block_A_description/environment/ament_prefix_path.sh
[0.933s] -- Installing: /home/mega/JetRover/sim/ros2_ws/install/block_A_description/share/block_A_description/environment/ament_prefix_path.dsv
[0.933s] -- Up-to-date: /home/mega/JetRover/sim/ros2_ws/install/block_A_description/share/block_A_description/environment/path.sh
[0.933s] -- Installing: /home/mega/JetRover/sim/ros2_ws/install/block_A_description/share/block_A_description/environment/path.dsv
[0.933s] -- Up-to-date: /home/mega/JetRover/sim/ros2_ws/install/block_A_description/share/block_A_description/local_setup.bash
[0.933s] -- Up-to-date: /home/mega/JetRover/sim/ros2_ws/install/block_A_description/share/block_A_description/local_setup.sh
[0.933s] -- Up-to-date: /home/mega/JetRover/sim/ros2_ws/install/block_A_description/share/block_A_description/local_setup.zsh
[0.933s] -- Installing: /home/mega/JetRover/sim/ros2_ws/install/block_A_description/share/block_A_description/local_setup.dsv
[0.934s] -- Installing: /home/mega/JetRover/sim/ros2_ws/install/block_A_description/share/block_A_description/package.dsv
[0.934s] -- Up-to-date: /home/mega/JetRover/sim/ros2_ws/install/block_A_description/share/ament_index/resource_index/packages/block_A_description
[0.934s] -- Up-to-date: /home/mega/JetRover/sim/ros2_ws/install/block_A_description/share/block_A_description/cmake/block_A_descriptionConfig.cmake
[0.934s] -- Up-to-date: /home/mega/JetRover/sim/ros2_ws/install/block_A_description/share/block_A_description/cmake/block_A_descriptionConfig-version.cmake
[0.934s] -- Up-to-date: /home/mega/JetRover/sim/ros2_ws/install/block_A_description/share/block_A_description/package.xml
[0.947s] Invoked command in '/home/mega/JetRover/sim/ros2_ws/build/block_A_description' returned '0': /usr/bin/cmake --install /home/mega/JetRover/sim/ros2_ws/build/block_A_description
