[1.179s] Invoking command in '/home/mega/JetRover/sim/ros2_ws/build/my_custom_sim': PYTHONPATH=/home/mega/JetRover/sim/ros2_ws/build/my_custom_sim/prefix_override:/usr/lib/python3/dist-packages/colcon_core/task/python/colcon_distutils_commands:/home/mega/JetRover/sim/ros2_ws/install/my_custom_sim/lib/python3.10/site-packages:${PYTHONPATH} /usr/bin/python3 -W ignore:setup.py install is deprecated -W ignore:easy_install command is deprecated setup.py develop --uninstall --editable --build-directory /home/mega/JetRover/sim/ros2_ws/build/my_custom_sim/build
[1.443s] running develop
[1.603s] Removing /home/mega/JetRover/sim/ros2_ws/install/my_custom_sim/lib/python3.10/site-packages/my-custom-sim.egg-link (link to .)
[1.637s] Invoked command in '/home/mega/JetRover/sim/ros2_ws/build/my_custom_sim' returned '0': PYTHONPATH=/home/mega/JetRover/sim/ros2_ws/build/my_custom_sim/prefix_override:/usr/lib/python3/dist-packages/colcon_core/task/python/colcon_distutils_commands:/home/mega/JetRover/sim/ros2_ws/install/my_custom_sim/lib/python3.10/site-packages:${PYTHONPATH} /usr/bin/python3 -W ignore:setup.py install is deprecated -W ignore:easy_install command is deprecated setup.py develop --uninstall --editable --build-directory /home/mega/JetRover/sim/ros2_ws/build/my_custom_sim/build
[1.638s] Invoking command in '/home/mega/JetRover/sim/ros2_ws/src/my_custom_sim': PYTHONPATH=/home/mega/JetRover/sim/ros2_ws/build/my_custom_sim/prefix_override:/usr/lib/python3/dist-packages/colcon_core/task/python/colcon_distutils_commands:/home/mega/JetRover/sim/ros2_ws/install/my_custom_sim/lib/python3.10/site-packages:${PYTHONPATH} /usr/bin/python3 -W ignore:setup.py install is deprecated -W ignore:easy_install command is deprecated setup.py egg_info --egg-base ../../build/my_custom_sim build --build-base /home/mega/JetRover/sim/ros2_ws/build/my_custom_sim/build install --record /home/mega/JetRover/sim/ros2_ws/build/my_custom_sim/install.log --single-version-externally-managed install_data --force
[1.852s] running egg_info
[1.852s] writing ../../build/my_custom_sim/my_custom_sim.egg-info/PKG-INFO
[1.852s] writing dependency_links to ../../build/my_custom_sim/my_custom_sim.egg-info/dependency_links.txt
[1.853s] writing entry points to ../../build/my_custom_sim/my_custom_sim.egg-info/entry_points.txt
[1.853s] writing requirements to ../../build/my_custom_sim/my_custom_sim.egg-info/requires.txt
[1.853s] writing top-level names to ../../build/my_custom_sim/my_custom_sim.egg-info/top_level.txt
[1.854s] reading manifest file '../../build/my_custom_sim/my_custom_sim.egg-info/SOURCES.txt'
[1.855s] writing manifest file '../../build/my_custom_sim/my_custom_sim.egg-info/SOURCES.txt'
[1.855s] running build
[1.855s] running build_py
[1.855s] creating /home/mega/JetRover/sim/ros2_ws/build/my_custom_sim/build
[1.855s] creating /home/mega/JetRover/sim/ros2_ws/build/my_custom_sim/build/lib
[1.855s] creating /home/mega/JetRover/sim/ros2_ws/build/my_custom_sim/build/lib/my_custom_sim
[1.856s] copying my_custom_sim/__init__.py -> /home/mega/JetRover/sim/ros2_ws/build/my_custom_sim/build/lib/my_custom_sim
[1.856s] running install
[1.856s] running install_lib
[1.858s] creating /home/mega/JetRover/sim/ros2_ws/install/my_custom_sim/lib/python3.10/site-packages/my_custom_sim
[1.858s] copying /home/mega/JetRover/sim/ros2_ws/build/my_custom_sim/build/lib/my_custom_sim/__init__.py -> /home/mega/JetRover/sim/ros2_ws/install/my_custom_sim/lib/python3.10/site-packages/my_custom_sim
[1.858s] byte-compiling /home/mega/JetRover/sim/ros2_ws/install/my_custom_sim/lib/python3.10/site-packages/my_custom_sim/__init__.py to __init__.cpython-310.pyc
[1.858s] running install_data
[1.859s] copying resource/my_custom_sim -> /home/mega/JetRover/sim/ros2_ws/install/my_custom_sim/share/ament_index/resource_index/packages
[1.859s] copying package.xml -> /home/mega/JetRover/sim/ros2_ws/install/my_custom_sim/share/my_custom_sim
[1.859s] copying launch/start_my_sim.launch.py -> /home/mega/JetRover/sim/ros2_ws/install/my_custom_sim/share/my_custom_sim/launch
[1.859s] copying worlds/empty_light.world -> /home/mega/JetRover/sim/ros2_ws/install/my_custom_sim/share/my_custom_sim/worlds
[1.860s] running install_egg_info
[1.862s] Copying ../../build/my_custom_sim/my_custom_sim.egg-info to /home/mega/JetRover/sim/ros2_ws/install/my_custom_sim/lib/python3.10/site-packages/my_custom_sim-0.0.0-py3.10.egg-info
[1.863s] running install_scripts
[1.881s] writing list of installed files to '/home/mega/JetRover/sim/ros2_ws/build/my_custom_sim/install.log'
[1.914s] Invoked command in '/home/mega/JetRover/sim/ros2_ws/src/my_custom_sim' returned '0': PYTHONPATH=/home/mega/JetRover/sim/ros2_ws/build/my_custom_sim/prefix_override:/usr/lib/python3/dist-packages/colcon_core/task/python/colcon_distutils_commands:/home/mega/JetRover/sim/ros2_ws/install/my_custom_sim/lib/python3.10/site-packages:${PYTHONPATH} /usr/bin/python3 -W ignore:setup.py install is deprecated -W ignore:easy_install command is deprecated setup.py egg_info --egg-base ../../build/my_custom_sim build --build-base /home/mega/JetRover/sim/ros2_ws/build/my_custom_sim/build install --record /home/mega/JetRover/sim/ros2_ws/build/my_custom_sim/install.log --single-version-externally-managed install_data --force
