[0.235s] Invoking command in '/home/mega/JetRover/sim/ros2_ws/build/Field_description': CMAKE_PREFIX_PATH=/home/mega/JetRover/sim/ros2_ws/install/my_custom_sim:/home/mega/JetRover/sim/ros2_ws/install/robot_gazebo:/home/mega/JetRover/sim/ros2_ws/install/jetrover_description:/opt/ros/humble:${CMAKE_PREFIX_PATH} /usr/bin/cmake /home/mega/JetRover/sim/ros2_ws/src/custom_models/Field_description -DAMENT_CMAKE_SYMLINK_INSTALL=1 -DCMAKE_INSTALL_PREFIX=/home/mega/JetRover/sim/ros2_ws/install/Field_description
[0.559s] -- Found ament_cmake: 1.3.14 (/opt/ros/humble/share/ament_cmake/cmake)
[0.559s] -- Override CMake install command with custom implementation using symlinks instead of copying resources
[0.559s] -- Configuring done
[0.559s] -- Generating done
[0.559s] -- Build files have been written to: /home/mega/JetRover/sim/ros2_ws/build/Field_description
[0.560s] WARNING: Package name "Field_description" does not follow the naming conventions. It should start with a lower case letter and only contain lower case letters, digits, underscores, and dashes.
[0.764s] Invoked command in '/home/mega/JetRover/sim/ros2_ws/build/Field_description' returned '0': CMAKE_PREFIX_PATH=/home/mega/JetRover/sim/ros2_ws/install/my_custom_sim:/home/mega/JetRover/sim/ros2_ws/install/robot_gazebo:/home/mega/JetRover/sim/ros2_ws/install/jetrover_description:/opt/ros/humble:${CMAKE_PREFIX_PATH} /usr/bin/cmake /home/mega/JetRover/sim/ros2_ws/src/custom_models/Field_description -DAMENT_CMAKE_SYMLINK_INSTALL=1 -DCMAKE_INSTALL_PREFIX=/home/mega/JetRover/sim/ros2_ws/install/Field_description
[0.765s] Invoking command in '/home/mega/JetRover/sim/ros2_ws/build/Field_description': CMAKE_PREFIX_PATH=/home/mega/JetRover/sim/ros2_ws/install/my_custom_sim:/home/mega/JetRover/sim/ros2_ws/install/robot_gazebo:/home/mega/JetRover/sim/ros2_ws/install/jetrover_description:/opt/ros/humble:${CMAKE_PREFIX_PATH} /usr/bin/cmake --build /home/mega/JetRover/sim/ros2_ws/build/Field_description -- -j12 -l12
[0.846s] Invoked command in '/home/mega/JetRover/sim/ros2_ws/build/Field_description' returned '0': CMAKE_PREFIX_PATH=/home/mega/JetRover/sim/ros2_ws/install/my_custom_sim:/home/mega/JetRover/sim/ros2_ws/install/robot_gazebo:/home/mega/JetRover/sim/ros2_ws/install/jetrover_description:/opt/ros/humble:${CMAKE_PREFIX_PATH} /usr/bin/cmake --build /home/mega/JetRover/sim/ros2_ws/build/Field_description -- -j12 -l12
[0.851s] Invoking command in '/home/mega/JetRover/sim/ros2_ws/build/Field_description': CMAKE_PREFIX_PATH=/home/mega/JetRover/sim/ros2_ws/install/my_custom_sim:/home/mega/JetRover/sim/ros2_ws/install/robot_gazebo:/home/mega/JetRover/sim/ros2_ws/install/jetrover_description:/opt/ros/humble:${CMAKE_PREFIX_PATH} /usr/bin/cmake --install /home/mega/JetRover/sim/ros2_ws/build/Field_description
[0.865s] -- Install configuration: ""
[0.865s] -- Execute custom install script
[0.865s] -- Up-to-date symlink: /home/mega/JetRover/sim/ros2_ws/install/Field_description/share/Field_description/meshes/base_link.stl
[0.866s] -- Up-to-date symlink: /home/mega/JetRover/sim/ros2_ws/install/Field_description/share/Field_description/urdf/Field.gazebo
[0.866s] -- Up-to-date symlink: /home/mega/JetRover/sim/ros2_ws/install/Field_description/share/Field_description/urdf/Field.trans
[0.866s] -- Up-to-date symlink: /home/mega/JetRover/sim/ros2_ws/install/Field_description/share/Field_description/urdf/Field.xacro
[0.866s] -- Up-to-date symlink: /home/mega/JetRover/sim/ros2_ws/install/Field_description/share/Field_description/urdf/materials.xacro
[0.866s] -- Up-to-date symlink: /home/mega/JetRover/sim/ros2_ws/install/Field_description/share/Field_description/package.xml
[0.866s] -- Up-to-date symlink: /home/mega/JetRover/sim/ros2_ws/install/Field_description/share/ament_index/resource_index/package_run_dependencies/Field_description
[0.866s] -- Up-to-date symlink: /home/mega/JetRover/sim/ros2_ws/install/Field_description/share/ament_index/resource_index/parent_prefix_path/Field_description
[0.866s] -- Up-to-date symlink: /home/mega/JetRover/sim/ros2_ws/install/Field_description/share/Field_description/environment/ament_prefix_path.sh
[0.873s] -- Up-to-date symlink: /home/mega/JetRover/sim/ros2_ws/install/Field_description/share/Field_description/environment/ament_prefix_path.dsv
[0.873s] -- Up-to-date symlink: /home/mega/JetRover/sim/ros2_ws/install/Field_description/share/Field_description/environment/path.sh
[0.873s] -- Up-to-date symlink: /home/mega/JetRover/sim/ros2_ws/install/Field_description/share/Field_description/environment/path.dsv
[0.874s] -- Up-to-date symlink: /home/mega/JetRover/sim/ros2_ws/install/Field_description/share/Field_description/local_setup.bash
[0.874s] -- Up-to-date symlink: /home/mega/JetRover/sim/ros2_ws/install/Field_description/share/Field_description/local_setup.sh
[0.874s] -- Up-to-date symlink: /home/mega/JetRover/sim/ros2_ws/install/Field_description/share/Field_description/local_setup.zsh
[0.874s] -- Up-to-date symlink: /home/mega/JetRover/sim/ros2_ws/install/Field_description/share/Field_description/local_setup.dsv
[0.874s] -- Symlinking: /home/mega/JetRover/sim/ros2_ws/install/Field_description/share/Field_description/package.dsv
[0.879s] -- Up-to-date symlink: /home/mega/JetRover/sim/ros2_ws/install/Field_description/share/ament_index/resource_index/packages/Field_description
[0.879s] -- Up-to-date symlink: /home/mega/JetRover/sim/ros2_ws/install/Field_description/share/Field_description/cmake/Field_descriptionConfig.cmake
[0.879s] -- Up-to-date symlink: /home/mega/JetRover/sim/ros2_ws/install/Field_description/share/Field_description/cmake/Field_descriptionConfig-version.cmake
[0.879s] -- Up-to-date symlink: /home/mega/JetRover/sim/ros2_ws/install/Field_description/share/Field_description/package.xml
[0.954s] Invoked command in '/home/mega/JetRover/sim/ros2_ws/build/Field_description' returned '0': CMAKE_PREFIX_PATH=/home/mega/JetRover/sim/ros2_ws/install/my_custom_sim:/home/mega/JetRover/sim/ros2_ws/install/robot_gazebo:/home/mega/JetRover/sim/ros2_ws/install/jetrover_description:/opt/ros/humble:${CMAKE_PREFIX_PATH} /usr/bin/cmake --install /home/mega/JetRover/sim/ros2_ws/build/Field_description
