[0.219s] Invoking command in '/home/mega/JetRover/sim/ros2_ws/build/4cm_height_description': /usr/bin/cmake /home/mega/JetRover/sim/ros2_ws/src/custom_models/4cm_height_description -DCATKIN_INSTALL_INTO_PREFIX_ROOT=0 -DCATKIN_SYMLINK_INSTALL=ON -DCMAKE_INSTALL_PREFIX=/home/mega/JetRover/sim/ros2_ws/install/4cm_height_description
[0.583s] -- The C compiler identification is GNU 11.4.0
[0.584s] -- The CXX compiler identification is GNU 11.4.0
[0.584s] -- Detecting C compiler ABI info
[0.584s] -- Detecting C compiler ABI info - done
[0.585s] -- Check for working C compiler: /usr/bin/cc - skipped
[0.585s] -- Detecting C compile features
[0.585s] -- Detecting C compile features - done
[0.585s] -- Detecting CXX compiler ABI info
[0.585s] -- Detecting CXX compiler ABI info - done
[0.585s] -- Check for working CXX compiler: /usr/bin/c++ - skipped
[0.585s] -- Detecting CXX compile features
[0.585s] -- Detecting CXX compile features - done
[0.585s] -- Found ament_cmake: 1.3.14 (/opt/ros/humble/share/ament_cmake/cmake)
[0.801s] -- Found Python3: /usr/bin/python3 (found version "3.10.12") found components: Interpreter 
[1.028s] WARNING: Package name "4cm_height_description" does not follow the naming conventions. It should start with a lower case letter and only contain lower case letters, digits, underscores, and dashes.
[1.057s] -- Configuring done
[1.063s] -- Generating done
[1.065s] [33mCMake Warning:
[1.065s]   Manually-specified variables were not used by the project:
[1.065s] 
[1.065s]     CATKIN_INSTALL_INTO_PREFIX_ROOT
[1.065s]     CATKIN_SYMLINK_INSTALL
[1.066s] 
[1.066s] [0m
[1.070s] -- Build files have been written to: /home/mega/JetRover/sim/ros2_ws/build/4cm_height_description
[1.087s] Invoked command in '/home/mega/JetRover/sim/ros2_ws/build/4cm_height_description' returned '0': /usr/bin/cmake /home/mega/JetRover/sim/ros2_ws/src/custom_models/4cm_height_description -DCATKIN_INSTALL_INTO_PREFIX_ROOT=0 -DCATKIN_SYMLINK_INSTALL=ON -DCMAKE_INSTALL_PREFIX=/home/mega/JetRover/sim/ros2_ws/install/4cm_height_description
[1.088s] Invoking command in '/home/mega/JetRover/sim/ros2_ws/build/4cm_height_description': /usr/bin/cmake --build /home/mega/JetRover/sim/ros2_ws/build/4cm_height_description -- -j12 -l12
[1.169s] Invoked command in '/home/mega/JetRover/sim/ros2_ws/build/4cm_height_description' returned '0': /usr/bin/cmake --build /home/mega/JetRover/sim/ros2_ws/build/4cm_height_description -- -j12 -l12
[1.174s] Invoking command in '/home/mega/JetRover/sim/ros2_ws/build/4cm_height_description': /usr/bin/cmake --install /home/mega/JetRover/sim/ros2_ws/build/4cm_height_description
[1.186s] -- Install configuration: ""
[1.187s] -- Installing: /home/mega/JetRover/sim/ros2_ws/install/4cm_height_description/share/4cm_height_description/meshes
[1.187s] -- Installing: /home/mega/JetRover/sim/ros2_ws/install/4cm_height_description/share/4cm_height_description/meshes/base_link.stl
[1.187s] -- Installing: /home/mega/JetRover/sim/ros2_ws/install/4cm_height_description/share/4cm_height_description/urdf
[1.188s] -- Installing: /home/mega/JetRover/sim/ros2_ws/install/4cm_height_description/share/4cm_height_description/urdf/materials.xacro
[1.188s] -- Installing: /home/mega/JetRover/sim/ros2_ws/install/4cm_height_description/share/4cm_height_description/urdf/4cm_height.gazebo
[1.188s] -- Installing: /home/mega/JetRover/sim/ros2_ws/install/4cm_height_description/share/4cm_height_description/urdf/4cm_height.trans
[1.188s] -- Installing: /home/mega/JetRover/sim/ros2_ws/install/4cm_height_description/share/4cm_height_description/urdf/4cm_height.xacro
[1.188s] -- Installing: /home/mega/JetRover/sim/ros2_ws/install/4cm_height_description/share/4cm_height_description/package.xml
[1.188s] -- Installing: /home/mega/JetRover/sim/ros2_ws/install/4cm_height_description/share/ament_index/resource_index/package_run_dependencies/4cm_height_description
[1.189s] -- Installing: /home/mega/JetRover/sim/ros2_ws/install/4cm_height_description/share/ament_index/resource_index/parent_prefix_path/4cm_height_description
[1.189s] -- Installing: /home/mega/JetRover/sim/ros2_ws/install/4cm_height_description/share/4cm_height_description/environment/ament_prefix_path.sh
[1.189s] -- Installing: /home/mega/JetRover/sim/ros2_ws/install/4cm_height_description/share/4cm_height_description/environment/ament_prefix_path.dsv
[1.189s] -- Installing: /home/mega/JetRover/sim/ros2_ws/install/4cm_height_description/share/4cm_height_description/environment/path.sh
[1.189s] -- Installing: /home/mega/JetRover/sim/ros2_ws/install/4cm_height_description/share/4cm_height_description/environment/path.dsv
[1.189s] -- Installing: /home/mega/JetRover/sim/ros2_ws/install/4cm_height_description/share/4cm_height_description/local_setup.bash
[1.190s] -- Installing: /home/mega/JetRover/sim/ros2_ws/install/4cm_height_description/share/4cm_height_description/local_setup.sh
[1.191s] -- Installing: /home/mega/JetRover/sim/ros2_ws/install/4cm_height_description/share/4cm_height_description/local_setup.zsh
[1.191s] -- Installing: /home/mega/JetRover/sim/ros2_ws/install/4cm_height_description/share/4cm_height_description/local_setup.dsv
[1.191s] -- Installing: /home/mega/JetRover/sim/ros2_ws/install/4cm_height_description/share/4cm_height_description/package.dsv
[1.191s] -- Installing: /home/mega/JetRover/sim/ros2_ws/install/4cm_height_description/share/ament_index/resource_index/packages/4cm_height_description
[1.191s] -- Installing: /home/mega/JetRover/sim/ros2_ws/install/4cm_height_description/share/4cm_height_description/cmake/4cm_height_descriptionConfig.cmake
[1.191s] -- Installing: /home/mega/JetRover/sim/ros2_ws/install/4cm_height_description/share/4cm_height_description/cmake/4cm_height_descriptionConfig-version.cmake
[1.192s] -- Up-to-date: /home/mega/JetRover/sim/ros2_ws/install/4cm_height_description/share/4cm_height_description/package.xml
[1.263s] Invoked command in '/home/mega/JetRover/sim/ros2_ws/build/4cm_height_description' returned '0': /usr/bin/cmake --install /home/mega/JetRover/sim/ros2_ws/build/4cm_height_description
