[0.234s] Invoking command in '/home/mega/JetRover/sim/ros2_ws/build/block_F_description': /usr/bin/cmake /home/mega/JetRover/sim/ros2_ws/src/custom_models/block_F_description -DCATKIN_INSTALL_INTO_PREFIX_ROOT=0 -DCMAKE_INSTALL_PREFIX=/home/mega/JetRover/sim/ros2_ws/install/block_F_description
[0.555s] -- Found ament_cmake: 1.3.14 (/opt/ros/humble/share/ament_cmake/cmake)
[0.555s] -- Configuring done
[0.556s] -- Generating done
[0.556s] -- Build files have been written to: /home/mega/JetRover/sim/ros2_ws/build/block_F_description
[0.556s] WARNING: Package name "block_F_description" does not follow the naming conventions. It should start with a lower case letter and only contain lower case letters, digits, underscores, and dashes.
[0.559s] Invoked command in '/home/mega/JetRover/sim/ros2_ws/build/block_F_description' returned '0': /usr/bin/cmake /home/mega/JetRover/sim/ros2_ws/src/custom_models/block_F_description -DCATKIN_INSTALL_INTO_PREFIX_ROOT=0 -DCMAKE_INSTALL_PREFIX=/home/mega/JetRover/sim/ros2_ws/install/block_F_description
[0.560s] Invoking command in '/home/mega/JetRover/sim/ros2_ws/build/block_F_description': /usr/bin/cmake --build /home/mega/JetRover/sim/ros2_ws/build/block_F_description -- -j12 -l12
[0.823s] Invoked command in '/home/mega/JetRover/sim/ros2_ws/build/block_F_description' returned '0': /usr/bin/cmake --build /home/mega/JetRover/sim/ros2_ws/build/block_F_description -- -j12 -l12
[0.824s] Invoking command in '/home/mega/JetRover/sim/ros2_ws/build/block_F_description': /usr/bin/cmake --install /home/mega/JetRover/sim/ros2_ws/build/block_F_description
[0.841s] -- Install configuration: ""
[0.842s] -- Up-to-date: /home/mega/JetRover/sim/ros2_ws/install/block_F_description/share/block_F_description/meshes
[0.842s] -- Up-to-date: /home/mega/JetRover/sim/ros2_ws/install/block_F_description/share/block_F_description/meshes/base_link.stl
[0.842s] -- Up-to-date: /home/mega/JetRover/sim/ros2_ws/install/block_F_description/share/block_F_description/urdf
[0.842s] -- Up-to-date: /home/mega/JetRover/sim/ros2_ws/install/block_F_description/share/block_F_description/urdf/block_F.gazebo
[0.843s] -- Up-to-date: /home/mega/JetRover/sim/ros2_ws/install/block_F_description/share/block_F_description/urdf/materials.xacro
[0.843s] -- Up-to-date: /home/mega/JetRover/sim/ros2_ws/install/block_F_description/share/block_F_description/urdf/block_F.xacro
[0.843s] -- Up-to-date: /home/mega/JetRover/sim/ros2_ws/install/block_F_description/share/block_F_description/urdf/block_F.trans
[0.843s] -- Up-to-date: /home/mega/JetRover/sim/ros2_ws/install/block_F_description/share/block_F_description/package.xml
[0.844s] -- Up-to-date: /home/mega/JetRover/sim/ros2_ws/install/block_F_description/share/ament_index/resource_index/package_run_dependencies/block_F_description
[0.844s] -- Installing: /home/mega/JetRover/sim/ros2_ws/install/block_F_description/share/ament_index/resource_index/parent_prefix_path/block_F_description
[0.844s] -- Up-to-date: /home/mega/JetRover/sim/ros2_ws/install/block_F_description/share/block_F_description/environment/ament_prefix_path.sh
[0.845s] -- Installing: /home/mega/JetRover/sim/ros2_ws/install/block_F_description/share/block_F_description/environment/ament_prefix_path.dsv
[0.845s] -- Up-to-date: /home/mega/JetRover/sim/ros2_ws/install/block_F_description/share/block_F_description/environment/path.sh
[0.845s] -- Installing: /home/mega/JetRover/sim/ros2_ws/install/block_F_description/share/block_F_description/environment/path.dsv
[0.846s] -- Up-to-date: /home/mega/JetRover/sim/ros2_ws/install/block_F_description/share/block_F_description/local_setup.bash
[0.847s] -- Up-to-date: /home/mega/JetRover/sim/ros2_ws/install/block_F_description/share/block_F_description/local_setup.sh
[0.847s] -- Up-to-date: /home/mega/JetRover/sim/ros2_ws/install/block_F_description/share/block_F_description/local_setup.zsh
[0.847s] -- Installing: /home/mega/JetRover/sim/ros2_ws/install/block_F_description/share/block_F_description/local_setup.dsv
[0.847s] -- Installing: /home/mega/JetRover/sim/ros2_ws/install/block_F_description/share/block_F_description/package.dsv
[0.848s] -- Up-to-date: /home/mega/JetRover/sim/ros2_ws/install/block_F_description/share/ament_index/resource_index/packages/block_F_description
[0.848s] -- Up-to-date: /home/mega/JetRover/sim/ros2_ws/install/block_F_description/share/block_F_description/cmake/block_F_descriptionConfig.cmake
[0.848s] -- Up-to-date: /home/mega/JetRover/sim/ros2_ws/install/block_F_description/share/block_F_description/cmake/block_F_descriptionConfig-version.cmake
[0.848s] -- Up-to-date: /home/mega/JetRover/sim/ros2_ws/install/block_F_description/share/block_F_description/package.xml
[0.897s] Invoked command in '/home/mega/JetRover/sim/ros2_ws/build/block_F_description' returned '0': /usr/bin/cmake --install /home/mega/JetRover/sim/ros2_ws/build/block_F_description
