[0.232s] Invoking command in '/home/mega/JetRover/sim/ros2_ws/build/8cm_height_description': /usr/bin/cmake --build /home/mega/JetRover/sim/ros2_ws/build/8cm_height_description -- -j12 -l12
[0.450s] Invoked command in '/home/mega/JetRover/sim/ros2_ws/build/8cm_height_description' returned '0': /usr/bin/cmake --build /home/mega/JetRover/sim/ros2_ws/build/8cm_height_description -- -j12 -l12
[0.460s] Invoking command in '/home/mega/JetRover/sim/ros2_ws/build/8cm_height_description': /usr/bin/cmake --install /home/mega/JetRover/sim/ros2_ws/build/8cm_height_description
[0.665s] -- Install configuration: ""
[0.665s] -- Up-to-date: /home/mega/JetRover/sim/ros2_ws/install/8cm_height_description/share/8cm_height_description/meshes
[0.665s] -- Up-to-date: /home/mega/JetRover/sim/ros2_ws/install/8cm_height_description/share/8cm_height_description/meshes/base_link.stl
[0.665s] -- Up-to-date: /home/mega/JetRover/sim/ros2_ws/install/8cm_height_description/share/8cm_height_description/urdf
[0.666s] -- Up-to-date: /home/mega/JetRover/sim/ros2_ws/install/8cm_height_description/share/8cm_height_description/urdf/8cm_height.trans
[0.666s] -- Up-to-date: /home/mega/JetRover/sim/ros2_ws/install/8cm_height_description/share/8cm_height_description/urdf/materials.xacro
[0.666s] -- Up-to-date: /home/mega/JetRover/sim/ros2_ws/install/8cm_height_description/share/8cm_height_description/urdf/8cm_height.xacro
[0.666s] -- Up-to-date: /home/mega/JetRover/sim/ros2_ws/install/8cm_height_description/share/8cm_height_description/urdf/8cm_height.gazebo
[0.666s] -- Up-to-date: /home/mega/JetRover/sim/ros2_ws/install/8cm_height_description/share/8cm_height_description/package.xml
[0.666s] -- Up-to-date: /home/mega/JetRover/sim/ros2_ws/install/8cm_height_description/share/ament_index/resource_index/package_run_dependencies/8cm_height_description
[0.666s] -- Up-to-date: /home/mega/JetRover/sim/ros2_ws/install/8cm_height_description/share/ament_index/resource_index/parent_prefix_path/8cm_height_description
[0.667s] -- Up-to-date: /home/mega/JetRover/sim/ros2_ws/install/8cm_height_description/share/8cm_height_description/environment/ament_prefix_path.sh
[0.667s] -- Up-to-date: /home/mega/JetRover/sim/ros2_ws/install/8cm_height_description/share/8cm_height_description/environment/ament_prefix_path.dsv
[0.667s] -- Up-to-date: /home/mega/JetRover/sim/ros2_ws/install/8cm_height_description/share/8cm_height_description/environment/path.sh
[0.667s] -- Up-to-date: /home/mega/JetRover/sim/ros2_ws/install/8cm_height_description/share/8cm_height_description/environment/path.dsv
[0.667s] -- Up-to-date: /home/mega/JetRover/sim/ros2_ws/install/8cm_height_description/share/8cm_height_description/local_setup.bash
[0.667s] -- Up-to-date: /home/mega/JetRover/sim/ros2_ws/install/8cm_height_description/share/8cm_height_description/local_setup.sh
[0.667s] -- Up-to-date: /home/mega/JetRover/sim/ros2_ws/install/8cm_height_description/share/8cm_height_description/local_setup.zsh
[0.667s] -- Up-to-date: /home/mega/JetRover/sim/ros2_ws/install/8cm_height_description/share/8cm_height_description/local_setup.dsv
[0.667s] -- Up-to-date: /home/mega/JetRover/sim/ros2_ws/install/8cm_height_description/share/8cm_height_description/package.dsv
[0.668s] -- Up-to-date: /home/mega/JetRover/sim/ros2_ws/install/8cm_height_description/share/ament_index/resource_index/packages/8cm_height_description
[0.668s] -- Up-to-date: /home/mega/JetRover/sim/ros2_ws/install/8cm_height_description/share/8cm_height_description/cmake/8cm_height_descriptionConfig.cmake
[0.668s] -- Up-to-date: /home/mega/JetRover/sim/ros2_ws/install/8cm_height_description/share/8cm_height_description/cmake/8cm_height_descriptionConfig-version.cmake
[0.668s] -- Up-to-date: /home/mega/JetRover/sim/ros2_ws/install/8cm_height_description/share/8cm_height_description/package.xml
[0.682s] Invoked command in '/home/mega/JetRover/sim/ros2_ws/build/8cm_height_description' returned '0': /usr/bin/cmake --install /home/mega/JetRover/sim/ros2_ws/build/8cm_height_description
