[0.216s] Invoking command in '/home/mega/JetRover/sim/ros2_ws/build/Field_description': CMAKE_PREFIX_PATH=${CMAKE_PREFIX_PATH}:/home/mega/JetRover/sim/ros2_ws/install/my_custom_sim:/home/mega/JetRover/sim/ros2_ws/install/robot_gazebo:/home/mega/JetRover/sim/ros2_ws/install/jetrover_description:/opt/ros/humble /usr/bin/cmake /home/mega/JetRover/sim/ros2_ws/src/custom_models/Field_description -DAMENT_CMAKE_SYMLINK_INSTALL=1 -DCMAKE_INSTALL_PREFIX=/home/mega/JetRover/sim/ros2_ws/install/Field_description
[0.581s] -- The C compiler identification is GNU 11.4.0
[0.581s] -- The CXX compiler identification is GNU 11.4.0
[0.581s] -- Detecting C compiler ABI info
[0.581s] -- Detecting C compiler ABI info - done
[0.581s] -- Check for working C compiler: /usr/bin/cc - skipped
[0.581s] -- Detecting C compile features
[0.581s] -- Detecting C compile features - done
[0.581s] -- Detecting CXX compiler ABI info
[0.581s] -- Detecting CXX compiler ABI info - done
[0.582s] -- Check for working CXX compiler: /usr/bin/c++ - skipped
[0.582s] -- Detecting CXX compile features
[0.582s] -- Detecting CXX compile features - done
[0.582s] -- Found ament_cmake: 1.3.14 (/opt/ros/humble/share/ament_cmake/cmake)
[0.781s] -- Found Python3: /usr/bin/python3 (found version "3.10.12") found components: Interpreter 
[0.872s] -- Override CMake install command with custom implementation using symlinks instead of copying resources
[1.018s] WARNING: Package name "Field_description" does not follow the naming conventions. It should start with a lower case letter and only contain lower case letters, digits, underscores, and dashes.
[1.050s] -- Configuring done
[1.055s] -- Generating done
[1.060s] -- Build files have been written to: /home/mega/JetRover/sim/ros2_ws/build/Field_description
[1.072s] Invoked command in '/home/mega/JetRover/sim/ros2_ws/build/Field_description' returned '0': CMAKE_PREFIX_PATH=${CMAKE_PREFIX_PATH}:/home/mega/JetRover/sim/ros2_ws/install/my_custom_sim:/home/mega/JetRover/sim/ros2_ws/install/robot_gazebo:/home/mega/JetRover/sim/ros2_ws/install/jetrover_description:/opt/ros/humble /usr/bin/cmake /home/mega/JetRover/sim/ros2_ws/src/custom_models/Field_description -DAMENT_CMAKE_SYMLINK_INSTALL=1 -DCMAKE_INSTALL_PREFIX=/home/mega/JetRover/sim/ros2_ws/install/Field_description
[1.077s] Invoking command in '/home/mega/JetRover/sim/ros2_ws/build/Field_description': CMAKE_PREFIX_PATH=${CMAKE_PREFIX_PATH}:/home/mega/JetRover/sim/ros2_ws/install/my_custom_sim:/home/mega/JetRover/sim/ros2_ws/install/robot_gazebo:/home/mega/JetRover/sim/ros2_ws/install/jetrover_description:/opt/ros/humble /usr/bin/cmake --build /home/mega/JetRover/sim/ros2_ws/build/Field_description -- -j12 -l12
[1.157s] Invoked command in '/home/mega/JetRover/sim/ros2_ws/build/Field_description' returned '0': CMAKE_PREFIX_PATH=${CMAKE_PREFIX_PATH}:/home/mega/JetRover/sim/ros2_ws/install/my_custom_sim:/home/mega/JetRover/sim/ros2_ws/install/robot_gazebo:/home/mega/JetRover/sim/ros2_ws/install/jetrover_description:/opt/ros/humble /usr/bin/cmake --build /home/mega/JetRover/sim/ros2_ws/build/Field_description -- -j12 -l12
[1.160s] Invoking command in '/home/mega/JetRover/sim/ros2_ws/build/Field_description': CMAKE_PREFIX_PATH=${CMAKE_PREFIX_PATH}:/home/mega/JetRover/sim/ros2_ws/install/my_custom_sim:/home/mega/JetRover/sim/ros2_ws/install/robot_gazebo:/home/mega/JetRover/sim/ros2_ws/install/jetrover_description:/opt/ros/humble /usr/bin/cmake --install /home/mega/JetRover/sim/ros2_ws/build/Field_description
[1.177s] -- Install configuration: ""
[1.178s] -- Execute custom install script
[1.178s] -- Symlinking: /home/mega/JetRover/sim/ros2_ws/install/Field_description/share/Field_description/meshes/base_link.stl
[1.187s] -- Symlinking: /home/mega/JetRover/sim/ros2_ws/install/Field_description/share/Field_description/urdf/Field.gazebo
[1.198s] -- Symlinking: /home/mega/JetRover/sim/ros2_ws/install/Field_description/share/Field_description/urdf/Field.trans
[1.208s] -- Symlinking: /home/mega/JetRover/sim/ros2_ws/install/Field_description/share/Field_description/urdf/Field.xacro
[1.220s] -- Symlinking: /home/mega/JetRover/sim/ros2_ws/install/Field_description/share/Field_description/urdf/materials.xacro
[1.232s] -- Symlinking: /home/mega/JetRover/sim/ros2_ws/install/Field_description/share/Field_description/package.xml
[1.244s] -- Symlinking: /home/mega/JetRover/sim/ros2_ws/install/Field_description/share/ament_index/resource_index/package_run_dependencies/Field_description
[1.258s] -- Symlinking: /home/mega/JetRover/sim/ros2_ws/install/Field_description/share/ament_index/resource_index/parent_prefix_path/Field_description
[1.271s] -- Symlinking: /home/mega/JetRover/sim/ros2_ws/install/Field_description/share/Field_description/environment/ament_prefix_path.sh
[1.284s] -- Symlinking: /home/mega/JetRover/sim/ros2_ws/install/Field_description/share/Field_description/environment/ament_prefix_path.dsv
[1.296s] -- Symlinking: /home/mega/JetRover/sim/ros2_ws/install/Field_description/share/Field_description/environment/path.sh
[1.307s] -- Symlinking: /home/mega/JetRover/sim/ros2_ws/install/Field_description/share/Field_description/environment/path.dsv
[1.320s] -- Symlinking: /home/mega/JetRover/sim/ros2_ws/install/Field_description/share/Field_description/local_setup.bash
[1.331s] -- Symlinking: /home/mega/JetRover/sim/ros2_ws/install/Field_description/share/Field_description/local_setup.sh
[1.341s] -- Symlinking: /home/mega/JetRover/sim/ros2_ws/install/Field_description/share/Field_description/local_setup.zsh
[1.351s] -- Symlinking: /home/mega/JetRover/sim/ros2_ws/install/Field_description/share/Field_description/local_setup.dsv
[1.363s] -- Symlinking: /home/mega/JetRover/sim/ros2_ws/install/Field_description/share/Field_description/package.dsv
[1.375s] -- Symlinking: /home/mega/JetRover/sim/ros2_ws/install/Field_description/share/ament_index/resource_index/packages/Field_description
[1.388s] -- Symlinking: /home/mega/JetRover/sim/ros2_ws/install/Field_description/share/Field_description/cmake/Field_descriptionConfig.cmake
[1.399s] -- Symlinking: /home/mega/JetRover/sim/ros2_ws/install/Field_description/share/Field_description/cmake/Field_descriptionConfig-version.cmake
[1.410s] -- Up-to-date symlink: /home/mega/JetRover/sim/ros2_ws/install/Field_description/share/Field_description/package.xml
[1.413s] Invoked command in '/home/mega/JetRover/sim/ros2_ws/build/Field_description' returned '0': CMAKE_PREFIX_PATH=${CMAKE_PREFIX_PATH}:/home/mega/JetRover/sim/ros2_ws/install/my_custom_sim:/home/mega/JetRover/sim/ros2_ws/install/robot_gazebo:/home/mega/JetRover/sim/ros2_ws/install/jetrover_description:/opt/ros/humble /usr/bin/cmake --install /home/mega/JetRover/sim/ros2_ws/build/Field_description
