[0.238s] Invoking command in '/home/mega/JetRover/sim/ros2_ws/build/block_A_description': /usr/bin/cmake --build /home/mega/JetRover/sim/ros2_ws/build/block_A_description -- -j12 -l12
[0.478s] Invoked command in '/home/mega/JetRover/sim/ros2_ws/build/block_A_description' returned '0': /usr/bin/cmake --build /home/mega/JetRover/sim/ros2_ws/build/block_A_description -- -j12 -l12
[0.480s] Invoking command in '/home/mega/JetRover/sim/ros2_ws/build/block_A_description': /usr/bin/cmake --install /home/mega/JetRover/sim/ros2_ws/build/block_A_description
[0.699s] -- Install configuration: ""
[0.699s] -- Up-to-date: /home/mega/JetRover/sim/ros2_ws/install/block_A_description/share/block_A_description/meshes
[0.699s] -- Up-to-date: /home/mega/JetRover/sim/ros2_ws/install/block_A_description/share/block_A_description/meshes/base_link.stl
[0.699s] -- Up-to-date: /home/mega/JetRover/sim/ros2_ws/install/block_A_description/share/block_A_description/urdf
[0.699s] -- Up-to-date: /home/mega/JetRover/sim/ros2_ws/install/block_A_description/share/block_A_description/urdf/materials.xacro
[0.699s] -- Up-to-date: /home/mega/JetRover/sim/ros2_ws/install/block_A_description/share/block_A_description/urdf/block_A.trans
[0.699s] -- Up-to-date: /home/mega/JetRover/sim/ros2_ws/install/block_A_description/share/block_A_description/urdf/block_A.gazebo
[0.699s] -- Up-to-date: /home/mega/JetRover/sim/ros2_ws/install/block_A_description/share/block_A_description/urdf/block_A.xacro
[0.699s] -- Up-to-date: /home/mega/JetRover/sim/ros2_ws/install/block_A_description/share/block_A_description/package.xml
[0.699s] -- Up-to-date: /home/mega/JetRover/sim/ros2_ws/install/block_A_description/share/ament_index/resource_index/package_run_dependencies/block_A_description
[0.700s] -- Up-to-date: /home/mega/JetRover/sim/ros2_ws/install/block_A_description/share/ament_index/resource_index/parent_prefix_path/block_A_description
[0.700s] -- Up-to-date: /home/mega/JetRover/sim/ros2_ws/install/block_A_description/share/block_A_description/environment/ament_prefix_path.sh
[0.700s] -- Up-to-date: /home/mega/JetRover/sim/ros2_ws/install/block_A_description/share/block_A_description/environment/ament_prefix_path.dsv
[0.700s] -- Up-to-date: /home/mega/JetRover/sim/ros2_ws/install/block_A_description/share/block_A_description/environment/path.sh
[0.700s] -- Up-to-date: /home/mega/JetRover/sim/ros2_ws/install/block_A_description/share/block_A_description/environment/path.dsv
[0.700s] -- Up-to-date: /home/mega/JetRover/sim/ros2_ws/install/block_A_description/share/block_A_description/local_setup.bash
[0.700s] -- Up-to-date: /home/mega/JetRover/sim/ros2_ws/install/block_A_description/share/block_A_description/local_setup.sh
[0.700s] -- Up-to-date: /home/mega/JetRover/sim/ros2_ws/install/block_A_description/share/block_A_description/local_setup.zsh
[0.700s] -- Up-to-date: /home/mega/JetRover/sim/ros2_ws/install/block_A_description/share/block_A_description/local_setup.dsv
[0.700s] -- Installing: /home/mega/JetRover/sim/ros2_ws/install/block_A_description/share/block_A_description/package.dsv
[0.700s] -- Up-to-date: /home/mega/JetRover/sim/ros2_ws/install/block_A_description/share/ament_index/resource_index/packages/block_A_description
[0.700s] -- Up-to-date: /home/mega/JetRover/sim/ros2_ws/install/block_A_description/share/block_A_description/cmake/block_A_descriptionConfig.cmake
[0.700s] -- Up-to-date: /home/mega/JetRover/sim/ros2_ws/install/block_A_description/share/block_A_description/cmake/block_A_descriptionConfig-version.cmake
[0.700s] -- Up-to-date: /home/mega/JetRover/sim/ros2_ws/install/block_A_description/share/block_A_description/package.xml
[0.749s] Invoked command in '/home/mega/JetRover/sim/ros2_ws/build/block_A_description' returned '0': /usr/bin/cmake --install /home/mega/JetRover/sim/ros2_ws/build/block_A_description
